

-----------------------------------
New Analysis started.
Date and time: 05/04/2016 10:01:17
New results follow.
-----------------------------------

Siena version 1.1-232 (18 Jun 13)

@1
Estimation by stochastic approximation algorithm.
=================================================

Random initialization of random number stream.
Current random number seed is 43841.
Effects object used: myEff 
Model Type 1: Standard actor-oriented model
Estimation method: unconditional moment estimation.

Time duration for simulations is 1.0.
Standard errors are estimated with the likelihood ratio method.
Initial value of gain parameter is  0.2000000.
Number of subphases in Phase 2 is 4.

Initial parameter values are 
  1. rate:  basic rate parameter testNet                    2.7353
  2. eval:  outdegree (density)                            -1.6555
  3. eval:  reciprocity                                     0.0000
  4. eval:  transitive triplets                             0.0000
  5. eval:  indegree - popularity                           0.0000
  6. eval:  prodevAtt alter                                 0.0000
  7. eval:  prodevAtt ego                                   0.0000
  8. eval:  prodevAtt similarity                            0.0000
  9. eval:  govAtt alter                                    0.0000
 10. eval:  govAtt ego                                      0.0000
 11. eval:  govAtt similarity                               0.0000
 12. eval:  trustAtt alter                                  0.0000
 13. eval:  trustAtt ego                                    0.0000
 14. eval:  trustAtt similarity                             0.0000
 15. rate:  rate trustAtt period 1                          3.8139
 16. eval:  behavior trustAtt linear shape                 -0.0063
 17. eval:  behavior trustAtt quadratic shape               0.0000
 18. eval:  behavior trustAtt average similarity            0.0000
 19. eval:  behavior trustAtt: effect from prodevAtt        0.0000
 20. eval:  behavior trustAtt: effect from govAtt           0.0000


Observed values of target statistics are
  1. Amount of network change                                           254.0000
  2. Number of ties                                                     235.0000
  3. Number of reciprocated ties                                         50.0000
  4. Number of transitive triplets                                      121.0000
  5. Sum of squared indegrees                                          204282.0000
  6. Sum of indegrees x prodevAtt                                        26.1778
  7. Sum of outdegrees x prodevAtt                                       28.3487
  8. Similarity on prodevAtt                                              9.8265
  9. Sum of indegrees x govAtt                                           38.7113
 10. Sum of outdegrees x govAtt                                          28.7113
 11. Similarity on govAtt                                                20.0963
 12. Sum of indegrees x trustAtt                                        -45.2592
 13. Sum of outdegrees x trustAtt                                         1.7408
 14. Similarity on trustAtt                                               8.1012
 15. Amount of behavioral change                                        176.0000
 16. beh. trustAtt cent. sum                                             13.8196
 17. beh. trustAtt sum of cent. squares                                 517.4958
 18. beh. trustAtt average similarity                                     2.9083
 19. beh. trustAtt x prodevAtt                                          -33.1279
 20. beh. trustAtt x govAtt                                              17.4001

 20 parameters, 20 statistics

Estimation of derivatives by the LR method (type 1).

@2
End of stochastic approximation algorithm, phase 3.
---------------------------------------------------

Total of 3806 iterations.
Parameter estimates based on 2806 iterations,
convergence diagnostics, covariance and derivative matrices based on 1000 iterations.

Information for convergence diagnosis.
Averages, standard deviations, and t-ratios for deviations from targets:
  1.    -0.5350    13.3673  -0.0400 
  2.    -1.2330    19.8342  -0.0622 
  3.    -0.8840    10.4238  -0.0848 
  4.    -6.1160    33.7200  -0.1814 
  5. -2134.1940 33976.0719  -0.0628 
  6.    -0.7802    18.5216  -0.0421 
  7.    -0.5635    14.2691  -0.0395 
  8.     0.0302     2.1501   0.0141 
  9.    -0.2129     9.1470  -0.0233 
 10.    -0.2819     6.9166  -0.0408 
 11.    -0.0586     6.7056  -0.0087 
 12.    -1.3310    35.0997  -0.0379 
 13.     1.6620    22.7603   0.0730 
 14.     0.0478     2.4097   0.0198 
 15.     0.3920    13.0077   0.0301 
 16.    -0.3480    22.2253  -0.0157 
 17.    -1.5681    61.6937  -0.0254 
 18.     0.0292     1.7740   0.0165 
 19.     0.1294    21.4166   0.0060 
 20.    -0.5968     9.2424  -0.0646 

Good convergence is indicated by the t-ratios being close to zero.


@2
Estimation Results.
-------------------

Regular end of estimation algorithm.
Total of 3806 iteration steps.

@3
Estimates and standard errors
                             
Network Dynamics
 1. rate:  basic rate parameter testNet                  4.8543  (   0.5447)
 2. eval:  outdegree (density)                          -2.2395  (   0.1355)
 3. eval:  reciprocity                                   0.7276  (   0.2227)
 4. eval:  transitive triplets                           0.1551  (   0.1052)
 5. eval:  indegree - popularity                         0.2119  (   0.0234)
 6. eval:  prodevAtt alter                               0.0162  (   0.0560)
 7. eval:  prodevAtt ego                                 0.0050  (   0.0702)
 8. eval:  prodevAtt similarity                          0.6113  (   0.4759)
 9. eval:  govAtt alter                                  0.2140  (   0.1168)
10. eval:  govAtt ego                                    0.0094  (   0.1419)
11. eval:  govAtt similarity                             0.1860  (   0.1172)
12. eval:  trustAtt alter                                0.0066  (   0.0392)
13. eval:  trustAtt ego                                 -0.0383  (   0.0545)
14. eval:  trustAtt similarity                           0.1831  (   0.7018)
Behavior Dynamics

15. rate:  rate trustAtt period 1                        6.8316  (   1.3000)
16. eval:  behavior trustAtt linear shape                0.0446  (   0.0533)
17. eval:  behavior trustAtt quadratic shape            -0.0066  (   0.0204)
18. eval:  behavior trustAtt average similarity          4.1225  (   1.8476)
19. eval:  behavior trustAtt: effect from prodevAtt     -0.0541  (   0.0445)
20. eval:  behavior trustAtt: effect from govAtt         0.1062  (   0.1040)

@3
Covariance matrices
                   
Covariance matrix of estimates (correlations below diagonal):
     0.297      0.007      0.000     -0.006     -0.003     -0.001     -0.003     -0.027      0.009      0.008     -0.005     -0.001     -0.001      0.031      0.113      0.000      0.001      0.085     -0.004      0.004
     0.095      0.018     -0.013     -0.005     -0.002      0.000     -0.001     -0.006      0.000      0.001     -0.001     -0.001      0.000      0.005     -0.028      0.001      0.000     -0.010      0.000      0.000
     0.004     -0.438      0.050     -0.001      0.001     -0.001      0.001     -0.006      0.001     -0.004      0.002      0.000      0.002     -0.026     -0.008      0.001      0.001      0.043     -0.001      0.001
    -0.111     -0.366     -0.045      0.011     -0.001     -0.001      0.000     -0.003     -0.002     -0.004     -0.001      0.000      0.001     -0.010     -0.006      0.000      0.000     -0.023      0.000      0.000
    -0.211     -0.557      0.218     -0.340      0.001      0.000      0.000      0.001      0.000      0.001      0.000      0.000      0.000     -0.002      0.002      0.000      0.000      0.006      0.000      0.000
    -0.047      0.014     -0.089     -0.162      0.136      0.003      0.000     -0.002      0.000      0.001      0.000      0.000      0.000      0.001     -0.006      0.000      0.000      0.010      0.000      0.000
    -0.068     -0.082      0.056     -0.009      0.115     -0.079      0.005     -0.010      0.000     -0.001      0.000      0.000      0.001     -0.002      0.019      0.000      0.000     -0.008      0.000     -0.001
    -0.104     -0.093     -0.055     -0.065      0.133     -0.068     -0.295      0.226      0.002     -0.003      0.005     -0.003      0.000     -0.070     -0.115      0.003      0.001      0.100      0.001      0.004
     0.140     -0.004      0.022     -0.171     -0.048     -0.005      0.047      0.034      0.014     -0.003      0.000     -0.001      0.000      0.005      0.019      0.000      0.000      0.020     -0.001      0.001
     0.097      0.052     -0.116     -0.244      0.191      0.112     -0.059     -0.046     -0.178      0.020     -0.002      0.001     -0.001      0.000      0.003      0.000      0.000     -0.007      0.000     -0.001
    -0.082     -0.056      0.078     -0.065      0.034      0.048     -0.011      0.084     -0.018     -0.121      0.014     -0.001      0.001     -0.006      0.005      0.000      0.000      0.010      0.000      0.000
    -0.040     -0.120     -0.038     -0.007      0.171      0.219      0.000     -0.141     -0.178      0.117     -0.129      0.002     -0.001      0.004      0.014      0.000      0.000     -0.013      0.000      0.000
    -0.047     -0.065      0.124      0.248     -0.103     -0.072      0.141     -0.006      0.036     -0.174      0.092     -0.274      0.003     -0.008     -0.012      0.000      0.000      0.012      0.000      0.000
     0.082      0.056     -0.166     -0.129     -0.091      0.034     -0.043     -0.210      0.067      0.003     -0.069      0.133     -0.220      0.492      0.306     -0.011     -0.003     -0.093     -0.006      0.006
     0.159     -0.161     -0.026     -0.043      0.081     -0.089      0.209     -0.185      0.122      0.016      0.032      0.271     -0.171      0.336      1.690     -0.029     -0.004     -0.590     -0.007     -0.019
    -0.004      0.102      0.056     -0.061     -0.041      0.094     -0.063      0.101     -0.042      0.028      0.050     -0.173      0.142     -0.298     -0.416      0.003      0.000      0.028      0.000      0.000
     0.049     -0.070      0.125      0.032      0.062      0.028     -0.022      0.121      0.063     -0.099      0.080     -0.136      0.162     -0.226     -0.137      0.242      0.000      0.027      0.000      0.000
     0.084     -0.038      0.105     -0.116      0.131      0.092     -0.061      0.113      0.094     -0.027      0.044     -0.180      0.116     -0.071     -0.246      0.286      0.721      3.414     -0.006      0.048
    -0.150      0.057     -0.067      0.081     -0.042      0.011     -0.026      0.052     -0.182      0.017      0.018      0.117      0.050     -0.179     -0.114      0.050      0.073     -0.070      0.002      0.000
     0.071     -0.025      0.025     -0.006     -0.002     -0.033     -0.069      0.073      0.072     -0.075     -0.018     -0.104      0.067      0.085     -0.141     -0.072      0.111      0.252     -0.107      0.011

Derivative matrix of expected statistics X by parameters and
covariance/correlation matrix of X can be found using
summary(ans) within R, or by using the 'verbose' option in Siena07.
 
Total computation time 185.93 seconds.


-----------------------------------
New Analysis started.
Date and time: 05/04/2016 10:24:22
New results follow.
-----------------------------------

Siena version 1.1-232 (18 Jun 13)

@1
Estimation by stochastic approximation algorithm.
=================================================

Random initialization of random number stream.
Current random number seed is 236539.
Effects object used: myEff 
Model Type 1: Standard actor-oriented model
Estimation method: unconditional moment estimation.

Time duration for simulations is 1.0.
Standard errors are estimated with the likelihood ratio method.
Initial value of gain parameter is  0.2000000.
Number of subphases in Phase 2 is 4.

Initial parameter values are 
  1. rate:  basic rate parameter testNet                    2.7353
  2. eval:  outdegree (density)                            -1.6555
  3. eval:  reciprocity                                     0.0000
  4. eval:  transitive triplets                             0.0000
  5. eval:  indegree - popularity                           0.0000
  6. eval:  prodevAtt alter                                 0.0000
  7. eval:  prodevAtt ego                                   0.0000
  8. eval:  prodevAtt similarity                            0.0000
  9. eval:  govAtt alter                                    0.0000
 10. eval:  govAtt ego                                      0.0000
 11. eval:  govAtt similarity                               0.0000
 12. eval:  trustAtt alter                                  0.0000
 13. eval:  trustAtt ego                                    0.0000
 14. eval:  trustAtt similarity                             0.0000
 15. rate:  rate trustAtt period 1                          3.8139
 16. eval:  behavior trustAtt linear shape                 -0.0063
 17. eval:  behavior trustAtt quadratic shape               0.0000
 18. eval:  behavior trustAtt: effect from prodevAtt        0.0000
 19. eval:  behavior trustAtt: effect from govAtt           0.0000
 20. eval:  behavior trustAtt: effect from trustCo          0.0000


Observed values of target statistics are
  1. Amount of network change                                           254.0000
  2. Number of ties                                                     235.0000
  3. Number of reciprocated ties                                         50.0000
  4. Number of transitive triplets                                      121.0000
  5. Sum of squared indegrees                                          204282.0000
  6. Sum of indegrees x prodevAtt                                        26.1778
  7. Sum of outdegrees x prodevAtt                                       28.3487
  8. Similarity on prodevAtt                                              9.8265
  9. Sum of indegrees x govAtt                                           38.7113
 10. Sum of outdegrees x govAtt                                          28.7113
 11. Similarity on govAtt                                                20.0963
 12. Sum of indegrees x trustAtt                                        -45.2592
 13. Sum of outdegrees x trustAtt                                         1.7408
 14. Similarity on trustAtt                                               8.1012
 15. Amount of behavioral change                                        176.0000
 16. beh. trustAtt cent. sum                                             13.8196
 17. beh. trustAtt sum of cent. squares                                 517.4958
 18. beh. trustAtt x prodevAtt                                          -33.1279
 19. beh. trustAtt x govAtt                                              17.4001
 20. beh. trustAtt x trustCo                                            217.0007

 20 parameters, 20 statistics

Estimation of derivatives by the LR method (type 1).

@2
End of stochastic approximation algorithm, phase 3.
---------------------------------------------------

Total of 3911 iterations.
Parameter estimates based on 2911 iterations,
convergence diagnostics, covariance and derivative matrices based on 1000 iterations.

Information for convergence diagnosis.
Averages, standard deviations, and t-ratios for deviations from targets:
  1.    -1.8370    13.6850  -0.1342 
  2.    -4.0610    19.9938  -0.2031 
  3.    -1.5800    10.9219  -0.1447 
  4.    -9.2210    34.9594  -0.2638 
  5. -6905.0420 34903.2291  -0.1978 
  6.    -0.4481    17.8913  -0.0250 
  7.    -0.7521    14.7150  -0.0511 
  8.    -0.2249     2.1791  -0.1032 
  9.    -0.8324     8.9758  -0.0927 
 10.    -0.8684     6.7326  -0.1290 
 11.    -0.7908     6.7330  -0.1175 
 12.     1.0331    32.5902   0.0317 
 13.     0.9601    22.9065   0.0419 
 14.    -0.0169     2.4040  -0.0070 
 15.     0.5920    14.5093   0.0408 
 16.    -1.3560    18.6379  -0.0728 
 17.    -4.1612    59.2251  -0.0703 
 18.    -0.5267    20.5073  -0.0257 
 19.     0.4380     9.8810   0.0443 
 20.     0.6972    33.5217   0.0208 

Good convergence is indicated by the t-ratios being close to zero.


@2
Estimation Results.
-------------------

Regular end of estimation algorithm.
Total of 3911 iteration steps.

@3
Estimates and standard errors
                             
Network Dynamics
 1. rate:  basic rate parameter testNet                  4.8444  (   0.7653)
 2. eval:  outdegree (density)                          -2.2394  (   0.1732)
 3. eval:  reciprocity                                   0.7226  (   0.2368)
 4. eval:  transitive triplets                           0.1612  (   0.1755)
 5. eval:  indegree - popularity                         0.2099  (   0.0522)
 6. eval:  prodevAtt alter                               0.0174  (   0.0596)
 7. eval:  prodevAtt ego                                 0.0001  (   0.0703)
 8. eval:  prodevAtt similarity                          0.6128  (   0.4688)
 9. eval:  govAtt alter                                  0.2174  (   0.1781)
10. eval:  govAtt ego                                    0.0058  (   0.2487)
11. eval:  govAtt similarity                             0.1869  (   0.1490)
12. eval:  trustAtt alter                                0.0045  (   0.0624)
13. eval:  trustAtt ego                                 -0.0373  (   0.0670)
14. eval:  trustAtt similarity                           0.1609  (   0.6439)
Behavior Dynamics

15. rate:  rate trustAtt period 1                        2.4538  (   2.4365)
16. eval:  behavior trustAtt linear shape                0.1615  (   0.4141)
17. eval:  behavior trustAtt quadratic shape             0.1955  (   0.6140)
18. eval:  behavior trustAtt: effect from prodevAtt     -0.0870  (   0.0928)
19. eval:  behavior trustAtt: effect from govAtt         0.1940  (   0.2869)
20. eval:  behavior trustAtt: effect from trustCo       -0.6259  (   1.5339)

@3
Covariance matrices
                   
Covariance matrix of estimates (correlations below diagonal):
     0.586      0.085     -0.005      0.090     -0.032     -0.011     -0.017      0.001      0.088     -0.126      0.047     -0.031      0.027      0.075      1.426     -0.249     -0.364      0.028     -0.137      0.914
     0.638      0.030     -0.010      0.014     -0.007     -0.003     -0.004      0.008      0.018     -0.025      0.010     -0.007      0.006      0.011      0.288     -0.050     -0.074      0.005     -0.026      0.184
    -0.026     -0.251      0.056      0.001      0.000      0.001      0.003     -0.029      0.005     -0.006     -0.001     -0.001      0.002      0.004      0.046     -0.007     -0.011     -0.002     -0.002      0.028
     0.669      0.449      0.024      0.031     -0.008     -0.002     -0.004      0.004      0.019     -0.030      0.011     -0.007      0.007      0.019      0.364     -0.061     -0.091      0.007     -0.032      0.228
    -0.792     -0.799     -0.005     -0.839      0.003      0.001      0.001     -0.002     -0.007      0.010     -0.004      0.003     -0.002     -0.006     -0.115      0.020      0.029     -0.002      0.010     -0.073
    -0.235     -0.243      0.078     -0.225      0.265      0.004      0.000     -0.004     -0.002      0.004     -0.001      0.001     -0.001     -0.004     -0.033      0.007      0.008     -0.001      0.002     -0.021
    -0.319     -0.321      0.176     -0.321      0.343      0.009      0.005     -0.013     -0.004      0.005     -0.002      0.001      0.000      0.000     -0.056      0.009      0.014     -0.001      0.005     -0.036
     0.004      0.093     -0.258      0.050     -0.086     -0.125     -0.406      0.220      0.001     -0.010      0.005     -0.003      0.001     -0.004      0.091     -0.017     -0.025     -0.001     -0.010      0.060
     0.648      0.590      0.110      0.607     -0.746     -0.203     -0.293      0.015      0.032     -0.031      0.009     -0.008      0.007      0.016      0.330     -0.056     -0.083      0.006     -0.030      0.208
    -0.662     -0.584     -0.101     -0.682      0.752      0.285      0.271     -0.084     -0.697      0.062     -0.019      0.011     -0.011     -0.036     -0.484      0.082      0.123     -0.008      0.043     -0.307
     0.411      0.373     -0.035      0.430     -0.468     -0.157     -0.191      0.070      0.350     -0.503      0.022     -0.003      0.003     -0.002      0.171     -0.030     -0.044      0.003     -0.017      0.110
    -0.645     -0.609     -0.066     -0.680      0.787      0.324      0.231     -0.113     -0.682      0.716     -0.334      0.004     -0.003     -0.011     -0.120      0.020      0.030     -0.002      0.011     -0.075
     0.526      0.484      0.107      0.632     -0.664     -0.274     -0.091      0.018      0.547     -0.637      0.278     -0.670      0.004      0.007      0.112     -0.019     -0.028      0.002     -0.010      0.071
     0.153      0.095      0.023      0.165     -0.188     -0.115      0.010     -0.014      0.143     -0.223     -0.020     -0.277      0.173      0.415      0.376     -0.061     -0.095      0.000     -0.031      0.238
     0.764      0.683      0.080      0.851     -0.905     -0.227     -0.330      0.079      0.760     -0.798      0.471     -0.787      0.686      0.240      5.937     -0.980     -1.490      0.102     -0.534      3.725
    -0.785     -0.693     -0.073     -0.836      0.908      0.266      0.321     -0.087     -0.756      0.794     -0.479      0.789     -0.697     -0.229     -0.971      0.171      0.248     -0.017      0.085     -0.620
    -0.775     -0.692     -0.073     -0.847      0.906      0.232      0.332     -0.085     -0.760      0.805     -0.483      0.788     -0.688     -0.241     -0.996      0.974      0.377     -0.025      0.135     -0.941
     0.388      0.319     -0.075      0.446     -0.426     -0.149     -0.141     -0.028      0.344     -0.356      0.235     -0.340      0.353      0.003      0.449     -0.441     -0.445      0.009     -0.008      0.063
    -0.622     -0.529     -0.026     -0.645      0.685      0.146      0.265     -0.073     -0.586      0.601     -0.399      0.593     -0.517     -0.167     -0.764      0.713      0.764     -0.317      0.082     -0.338
     0.778      0.693      0.078      0.848     -0.909     -0.233     -0.335      0.084      0.761     -0.805      0.482     -0.788      0.687      0.241      0.997     -0.975     -0.999      0.445     -0.768      2.353

Derivative matrix of expected statistics X by parameters and
covariance/correlation matrix of X can be found using
summary(ans) within R, or by using the 'verbose' option in Siena07.
 
Total computation time 181.15 seconds.


-----------------------------------
New Analysis started.
Date and time: 05/04/2016 10:29:20
New results follow.
-----------------------------------

Siena version 1.1-232 (18 Jun 13)

@1
Estimation by stochastic approximation algorithm.
=================================================

Random initialization of random number stream.
Current random number seed is 483202.
Effects object used: myEff 
Model Type 1: Standard actor-oriented model
Estimation method: unconditional moment estimation.

Time duration for simulations is 1.0.
Standard errors are estimated with the likelihood ratio method.
Initial value of gain parameter is  0.2000000.
Number of subphases in Phase 2 is 4.

Initial parameter values are 
  1. rate:  basic rate parameter testNet                    2.7353
  2. eval:  outdegree (density)                            -1.6555
  3. eval:  reciprocity                                     0.0000
  4. eval:  transitive triplets                             0.0000
  5. eval:  indegree - popularity                           0.0000
  6. eval:  prodevAtt alter                                 0.0000
  7. eval:  prodevAtt ego                                   0.0000
  8. eval:  prodevAtt similarity                            0.0000
  9. eval:  govAtt alter                                    0.0000
 10. eval:  govAtt ego                                      0.0000
 11. eval:  govAtt similarity                               0.0000
 12. eval:  trustAtt alter                                  0.0000
 13. eval:  trustAtt ego                                    0.0000
 14. eval:  trustAtt similarity                             0.0000
 15. rate:  rate trustAtt period 1                          3.8139
 16. eval:  behavior trustAtt linear shape                 -0.0063
 17. eval:  behavior trustAtt quadratic shape               0.0000
 18. eval:  behavior trustAtt: effect from prodevAtt        0.0000
 19. eval:  behavior trustAtt: effect from govAtt           0.0000
 20. eval:  behavior trustAtt: effect from trustCo          0.0000


Observed values of target statistics are
  1. Amount of network change                                           254.0000
  2. Number of ties                                                     235.0000
  3. Number of reciprocated ties                                         50.0000
  4. Number of transitive triplets                                      121.0000
  5. Sum of squared indegrees                                          204282.0000
  6. Sum of indegrees x prodevAtt                                        26.1778
  7. Sum of outdegrees x prodevAtt                                       28.3487
  8. Similarity on prodevAtt                                              9.8265
  9. Sum of indegrees x govAtt                                           38.7113
 10. Sum of outdegrees x govAtt                                          28.7113
 11. Similarity on govAtt                                                20.0963
 12. Sum of indegrees x trustAtt                                        -45.2592
 13. Sum of outdegrees x trustAtt                                         1.7408
 14. Similarity on trustAtt                                               8.1012
 15. Amount of behavioral change                                        176.0000
 16. beh. trustAtt cent. sum                                             13.8196
 17. beh. trustAtt sum of cent. squares                                 517.4958
 18. beh. trustAtt x prodevAtt                                          -33.1279
 19. beh. trustAtt x govAtt                                              17.4001
 20. beh. trustAtt x trustCo                                            507.6816

 20 parameters, 20 statistics

Estimation of derivatives by the LR method (type 1).

@2
End of stochastic approximation algorithm, phase 3.
---------------------------------------------------

Total of 3979 iterations.
Parameter estimates based on 2979 iterations,
convergence diagnostics, covariance and derivative matrices based on 1000 iterations.

Information for convergence diagnosis.
Averages, standard deviations, and t-ratios for deviations from targets:
  1.    -1.0340    13.3940  -0.0772 
  2.    -2.2480    20.6271  -0.1090 
  3.    -1.2440    10.4576  -0.1190 
  4.    -6.1310    36.0716  -0.1700 
  5. -3258.8120 35308.4178  -0.0923 
  6.     0.7044    18.3105   0.0385 
  7.    -0.7395    14.4061  -0.0513 
  8.    -0.1567     2.2026  -0.0711 
  9.    -0.6846     8.9641  -0.0764 
 10.    -0.1836     7.0936  -0.0259 
 11.    -0.2027     6.7581  -0.0300 
 12.     1.4065    35.1595   0.0400 
 13.     1.0725    22.9246   0.0468 
 14.    -0.1117     2.3334  -0.0479 
 15.     0.6580     7.8082   0.0843 
 16.    -0.4680     8.0527  -0.0581 
 17.    36.5215    33.1898   1.1004 
 18.     0.8882     9.1912   0.0966 
 19.    -0.2414     4.1018  -0.0589 
 20.   -20.1223    19.0415  -1.0568 

Good convergence is indicated by the t-ratios being close to zero.
One or more of the t-statistics are rather large.
Convergence of the algorithm is doubtful.


@2
Estimation Results.
-------------------

Regular end of estimation algorithm.
Total of 3979 iteration steps.

@3
Estimates and standard errors
                             
Network Dynamics
 1. rate:  basic rate parameter testNet                  4.8158  (   0.4936)
 2. eval:  outdegree (density)                          -2.2460  (   0.1315)
 3. eval:  reciprocity                                   0.7258  (   0.2270)
 4. eval:  transitive triplets                           0.1603  (   0.0937)
 5. eval:  indegree - popularity                         0.2112  (   0.0221)
 6. eval:  prodevAtt alter                               0.0202  (   0.0519)
 7. eval:  prodevAtt ego                                 0.0069  (   0.0673)
 8. eval:  prodevAtt similarity                          0.5777  (   0.4768)
 9. eval:  govAtt alter                                  0.2181  (   0.1159)
10. eval:  govAtt ego                                    0.0129  (   0.1309)
11. eval:  govAtt similarity                             0.1911  (   0.1367)
12. eval:  trustAtt alter                                0.0053  (   0.0454)
13. eval:  trustAtt ego                                 -0.0385  (   0.0574)
14. eval:  trustAtt similarity                           0.2451  (   1.0759)
Behavior Dynamics

15. rate:  rate trustAtt period 1                        4.5754  (   0.9370)
16. eval:  behavior trustAtt linear shape                0.1667  (   0.1532)
17. eval:  behavior trustAtt quadratic shape            -0.8625  (   0.3450)
18. eval:  behavior trustAtt: effect from prodevAtt     -0.0453  (   0.1483)
19. eval:  behavior trustAtt: effect from govAtt        -0.0159  (   0.2852)
20. eval:  behavior trustAtt: effect from trustCo        1.8851  (   0.8027)

@3
Covariance matrices
                   
Covariance matrix of estimates (correlations below diagonal):
     0.244      0.014     -0.014     -0.006     -0.001     -0.003      0.005     -0.040      0.008     -0.004     -0.009     -0.004      0.005      0.026      0.053     -0.006      0.027      0.007     -0.015     -0.062
     0.219      0.017     -0.013     -0.005     -0.002      0.000      0.000      0.001      0.001     -0.003     -0.001     -0.001      0.000      0.007     -0.007     -0.001     -0.001      0.000      0.000      0.004
    -0.123     -0.428      0.052     -0.001      0.001     -0.001      0.002     -0.013      0.001     -0.001     -0.001      0.000      0.001     -0.009      0.029     -0.002      0.014      0.005     -0.002     -0.033
    -0.138     -0.384     -0.057      0.009     -0.001      0.000     -0.001      0.005     -0.002      0.000      0.002      0.000      0.000     -0.030     -0.006      0.001     -0.004     -0.001     -0.001      0.010
    -0.074     -0.602      0.258     -0.260      0.000      0.000      0.000     -0.002      0.000      0.001      0.000      0.000      0.000     -0.001      0.006      0.000      0.002      0.001      0.000     -0.005
    -0.128     -0.006     -0.085     -0.028     -0.014      0.003     -0.001     -0.001      0.000      0.000      0.001      0.000      0.000      0.005     -0.001      0.001     -0.001      0.000     -0.001      0.003
     0.158     -0.045      0.116     -0.170      0.186     -0.149      0.005     -0.010      0.001      0.000     -0.001      0.000      0.001     -0.002      0.011      0.000      0.009      0.002     -0.002     -0.020
    -0.170      0.022     -0.122      0.117     -0.147     -0.030     -0.324      0.227     -0.005     -0.005      0.012      0.001     -0.001     -0.139     -0.100      0.011     -0.047     -0.020      0.007      0.107
     0.141      0.071      0.051     -0.190     -0.113     -0.035      0.163     -0.091      0.013     -0.003     -0.002     -0.001      0.000      0.007     -0.004     -0.002      0.006      0.001      0.001     -0.014
    -0.068     -0.164     -0.020      0.008      0.211     -0.069      0.004     -0.082     -0.171      0.017     -0.003      0.000     -0.001     -0.009      0.015     -0.003      0.000      0.000      0.000     -0.001
    -0.136     -0.032     -0.043      0.123     -0.125      0.108     -0.104      0.188     -0.125     -0.178      0.019      0.001     -0.001     -0.015     -0.027      0.004     -0.014     -0.004      0.001      0.033
    -0.194     -0.181     -0.030      0.097      0.141      0.150     -0.160      0.067     -0.262     -0.001      0.172      0.002      0.000     -0.002     -0.009      0.002     -0.005     -0.001      0.000      0.011
     0.161      0.060      0.092     -0.068      0.009     -0.155      0.200     -0.044      0.052     -0.077     -0.118     -0.168      0.003     -0.018     -0.003     -0.001      0.002      0.000     -0.001     -0.005
     0.048      0.047     -0.038     -0.301     -0.048      0.099     -0.031     -0.270      0.054     -0.061     -0.103     -0.031     -0.284      1.158     -0.043      0.005     -0.038      0.007     -0.015      0.090
     0.115     -0.059      0.135     -0.064      0.271     -0.028      0.169     -0.223     -0.033      0.119     -0.207     -0.202     -0.057     -0.043      0.878     -0.046      0.216      0.060      0.017     -0.530
    -0.078     -0.057     -0.049      0.066     -0.039      0.146     -0.033      0.156     -0.086     -0.140      0.201      0.224     -0.119      0.033     -0.323      0.023     -0.014     -0.009     -0.009      0.032
     0.156     -0.031      0.177     -0.128      0.246     -0.073      0.384     -0.285      0.151      0.005     -0.296     -0.307      0.123     -0.104      0.668     -0.259      0.119      0.027     -0.011     -0.275
     0.097     -0.012      0.135     -0.100      0.181     -0.029      0.166     -0.279      0.064     -0.020     -0.198     -0.183      0.049      0.046      0.433     -0.384      0.524      0.022     -0.001     -0.061
    -0.103     -0.003     -0.036     -0.045      0.022     -0.080     -0.088      0.053      0.035      0.009      0.033      0.028     -0.059     -0.048      0.063     -0.216     -0.117     -0.019      0.081      0.020
    -0.156      0.036     -0.179      0.130     -0.256      0.073     -0.372      0.280     -0.148     -0.014      0.305      0.310     -0.109      0.105     -0.704      0.260     -0.994     -0.513      0.085      0.644

Derivative matrix of expected statistics X by parameters and
covariance/correlation matrix of X can be found using
summary(ans) within R, or by using the 'verbose' option in Siena07.
 
Total computation time 185.09 seconds.


-----------------------------------
New Analysis started.
Date and time: 18/04/2016 13:41:59
New results follow.
-----------------------------------

Siena version 1.1-232 (18 Jun 13)

@1
Estimation by stochastic approximation algorithm.
=================================================

Random initialization of random number stream.
Current random number seed is 184379.
Effects object used: myEff 
Model Type 1: Standard actor-oriented model
Estimation method: unconditional moment estimation.

Time duration for simulations is 1.0.
Standard errors are estimated with the likelihood ratio method.
Initial value of gain parameter is  0.2000000.
Number of subphases in Phase 2 is 4.

Initial parameter values are 
  1. rate:  basic rate parameter testNet                    2.7353
  2. eval:  outdegree (density)                            -1.6555
  3. eval:  reciprocity                                     0.0000
  4. eval:  transitive triplets                             0.0000
  5. eval:  indegree - popularity                           0.0000
  6. rate:  rate trustAtt period 1                          3.8139
  7. eval:  behavior trustAtt linear shape                 -0.0063
  8. eval:  behavior trustAtt quadratic shape               0.0000


Observed values of target statistics are
  1. Amount of network change                                           254.0000
  2. Number of ties                                                     235.0000
  3. Number of reciprocated ties                                         50.0000
  4. Number of transitive triplets                                      121.0000
  5. Sum of squared indegrees                                          204282.0000
  6. Amount of behavioral change                                        176.0000
  7. beh. trustAtt cent. sum                                             13.8196
  8. beh. trustAtt sum of cent. squares                                 517.4958

 8 parameters, 8 statistics

Estimation of derivatives by the LR method (type 1).

@2
End of stochastic approximation algorithm, phase 3.
---------------------------------------------------

Total of 2681 iterations.
Parameter estimates based on 1681 iterations,
convergence diagnostics, covariance and derivative matrices based on 1000 iterations.

Information for convergence diagnosis.
Averages, standard deviations, and t-ratios for deviations from targets:
  1.    -1.6070    14.4248  -0.1114 
  2.    -1.7990    22.5430  -0.0798 
  3.    -0.6260    10.9513  -0.0572 
  4.    -4.7390    39.5281  -0.1199 
  5. -3142.9940 39698.9456  -0.0792 
  6.     0.0250    13.0054   0.0019 
  7.    -0.5910    18.6561  -0.0317 
  8.    -2.0346    56.4393  -0.0360 

Good convergence is indicated by the t-ratios being close to zero.


@2
Estimation Results.
-------------------

Regular end of estimation algorithm.
Total of 2681 iteration steps.

@3
Estimates and standard errors
                             
Network Dynamics
 1. rate:  basic rate parameter testNet                  4.7869  (   0.5044)
 2. eval:  outdegree (density)                          -2.2620  (   0.1532)
 3. eval:  reciprocity                                   0.8065  (   0.2584)
 4. eval:  transitive triplets                           0.2145  (   0.1037)
 5. eval:  indegree - popularity                         0.2124  (   0.0221)

Behavior Dynamics
 6. rate:  rate trustAtt period 1                        6.8778  (   1.3958)
 7. eval:  behavior trustAtt linear shape                0.0384  (   0.0463)
 8. eval:  behavior trustAtt quadratic shape            -0.0456  (   0.0142)

@3
Covariance matrices
                   
Covariance matrix of estimates (correlations below diagonal):
     0.254     -0.004     -0.016      0.004     -0.002      0.052     -0.002      0.000
    -0.049      0.023     -0.022     -0.009     -0.002     -0.050      0.000      0.000
    -0.122     -0.556      0.067      0.004      0.001      0.137      0.000      0.000
     0.076     -0.563      0.141      0.011     -0.001      0.021      0.000      0.000
    -0.166     -0.493      0.224     -0.269      0.000      0.001      0.000      0.000
     0.074     -0.232      0.379      0.143      0.025      1.948     -0.006     -0.006
    -0.074     -0.012      0.006     -0.024      0.058     -0.096      0.002      0.000
     0.069     -0.062     -0.105      0.043      0.044     -0.326     -0.061      0.000

Derivative matrix of expected statistics X by parameters and
covariance/correlation matrix of X can be found using
summary(ans) within R, or by using the 'verbose' option in Siena07.
 
Total computation time 90.05 seconds.


-----------------------------------
New Analysis started.
Date and time: 18/04/2016 13:43:55
New results follow.
-----------------------------------

Siena version 1.1-232 (18 Jun 13)

@1
Estimation by stochastic approximation algorithm.
=================================================

Random initialization of random number stream.
Current random number seed is 212823.
Effects object used: myEff 
2200 MCMC steps per RM step (multiplication factor = 5)
Model Type 1: Standard actor-oriented model
Estimation method: Maximum likelihood estimation
Standard errors are estimated with the likelihood ratio method.
Initial value of gain parameter is  0.2000000.
Number of subphases in Phase 2 is 4.

Initial parameter values are 
  1. rate:  basic rate parameter testNet                    2.7353
  2. eval:  outdegree (density)                            -1.6555
  3. eval:  reciprocity                                     0.0000
  4. eval:  transitive triplets                             0.0000
  5. eval:  indegree - popularity                           0.0000
  6. rate:  rate trustAtt period 1                          3.8139
  7. eval:  behavior trustAtt linear shape                 -0.0063
  8. eval:  behavior trustAtt quadratic shape               0.0000


Observed values of target statistics are
  1. Amount of network change                                           254.0000
  2. Number of ties                                                     235.0000
  3. Number of reciprocated ties                                         50.0000
  4. Number of transitive triplets                                      121.0000
  5. Sum of squared indegrees                                          204282.0000
  6. Amount of behavioral change                                        176.0000
  7. beh. trustAtt cent. sum                                             13.8196
  8. beh. trustAtt sum of cent. squares                                 517.4958

 8 parameters, 8 statistics



-----------------------------------
New Analysis started.
Date and time: 18/04/2016 15:05:01
New results follow.
-----------------------------------

Siena version 1.1-232 (18 Jun 13)

@1
Estimation by stochastic approximation algorithm.
=================================================

Random initialization of random number stream.
Current random number seed is 968765.
Effects object used: myEff 
Model Type 1: Standard actor-oriented model
Estimation method: unconditional moment estimation.

Time duration for simulations is 1.0.
Standard errors are estimated with the likelihood ratio method.
Initial value of gain parameter is  0.2000000.
Number of subphases in Phase 2 is 4.

Initial parameter values are 
  1. rate:  basic rate parameter testNet                    2.7353
  2. eval:  outdegree (density)                            -1.6555
  3. eval:  reciprocity                                     0.0000
  4. eval:  transitive triplets                             0.0000
  5. eval:  indegree - popularity                           0.0000
  6. rate:  rate trustAtt period 1                          3.8139
  7. eval:  behavior trustAtt linear shape                 -0.0063
  8. eval:  behavior trustAtt quadratic shape               0.0000


Observed values of target statistics are
  1. Amount of network change                                           254.0000
  2. Number of ties                                                     235.0000
  3. Number of reciprocated ties                                         50.0000
  4. Number of transitive triplets                                      121.0000
  5. Sum of squared indegrees                                          204282.0000
  6. Amount of behavioral change                                        176.0000
  7. beh. trustAtt cent. sum                                             13.8196
  8. beh. trustAtt sum of cent. squares                                 517.4958

 8 parameters, 8 statistics

Estimation of derivatives by the LR method (type 1).

@2
End of stochastic approximation algorithm, phase 3.
---------------------------------------------------

Total of 2903 iterations.
Parameter estimates based on 1903 iterations,
convergence diagnostics, covariance and derivative matrices based on 1000 iterations.

Information for convergence diagnosis.
Averages, standard deviations, and t-ratios for deviations from targets:
  1.   -0.5120    14.0751  -0.0364 
  2.    0.4300    22.0935   0.0195 
  3.   -0.2140    11.3016  -0.0189 
  4.   -1.2610    39.9514  -0.0316 
  5. 2333.0440 39512.4243   0.0590 
  6.   -0.0170    12.5158  -0.0014 
  7.    0.6030    18.9117   0.0319 
  8.    1.4396    54.3798   0.0265 

Good convergence is indicated by the t-ratios being close to zero.


@2
Estimation Results.
-------------------

Regular end of estimation algorithm.
Total of 2903 iteration steps.

@3
Estimates and standard errors
                             
Network Dynamics
 1. rate:  basic rate parameter testNet                  4.8120  (   0.5238)
 2. eval:  outdegree (density)                          -2.2599  (   0.1258)
 3. eval:  reciprocity                                   0.8132  (   0.2283)
 4. eval:  transitive triplets                           0.2077  (   0.0969)
 5. eval:  indegree - popularity                         0.2140  (   0.0220)

Behavior Dynamics
 6. rate:  rate trustAtt period 1                        6.8478  (   1.3167)
 7. eval:  behavior trustAtt linear shape                0.0394  (   0.0454)
 8. eval:  behavior trustAtt quadratic shape            -0.0455  (   0.0132)

@3
Covariance matrices
                   
Covariance matrix of estimates (correlations below diagonal):
     0.274      0.000      0.020     -0.005     -0.001     -0.173     -0.004     -0.001
    -0.003      0.016     -0.010     -0.004     -0.002     -0.032      0.000      0.000
     0.167     -0.333      0.052     -0.001      0.001     -0.087     -0.001      0.000
    -0.099     -0.364     -0.050      0.009     -0.001     -0.003      0.000      0.000
    -0.053     -0.558      0.116     -0.407      0.000      0.008      0.000      0.000
    -0.250     -0.195     -0.288     -0.027      0.272      1.734      0.014     -0.003
    -0.162     -0.043     -0.086      0.022      0.072      0.235      0.002      0.000
    -0.081      0.161      0.021     -0.081     -0.084     -0.192     -0.060      0.000

Derivative matrix of expected statistics X by parameters and
covariance/correlation matrix of X can be found using
summary(ans) within R, or by using the 'verbose' option in Siena07.
 
Total computation time 98.39 seconds.
