

-----------------------------------
New Analysis started.
Date and time: 10/03/2016 11:14:23
New results follow.
-----------------------------------

Siena version 1.1-232 (18 Jun 13)

@1
Estimation by stochastic approximation algorithm.
=================================================

Random initialization of random number stream.
Current random number seed is 229464.
Effects object used: myeff 
Model Type 1: Standard actor-oriented model
Estimation method: conditional moment estimation
Conditioning variable is the total number of observed changes ("distance") 
in the network variable.
Distance for simulations is   51 .
Standard errors are estimated with the likelihood ratio method.
Initial value of gain parameter is  0.2000000.
Number of subphases in Phase 2 is 2.

Initial parameter values are 
  0. Rate parameter                           4.8094
  1. eval:  outdegree (density)                            -0.5604
  2. eval:  reciprocity                                     0.0000


Observed values of target statistics are
  1. Number of ties                                                     129.0000
  2. Number of reciprocated ties                                         58.0000

 2 parameters, 2 statistics

Estimation of derivatives by the LR method (type 1).

@2
End of stochastic approximation algorithm, phase 3.
---------------------------------------------------

Total of 307 iterations.
Parameter estimates based on 207 iterations,
basic rate parameter as well as 
convergence diagnostics, covariance and derivative matrices based on 100 iterations.

Information for convergence diagnosis.
Averages, standard deviations, and t-ratios for deviations from targets:
  1.   1.5000   6.1914   0.2423 
  2.  -0.0200   5.6532  -0.0035 

Good convergence is indicated by the t-ratios being close to zero.


@2
Estimation Results.
-------------------

Regular end of estimation algorithm.
Total of 307 iteration steps.

@3
Estimates and standard errors
                             
Rate parameters:
 0. Rate parameter                            2.9472  (   0.4517)
 1. eval:  outdegree (density)                          -1.0994  (   0.1978)
 2. eval:  reciprocity                                   1.7226  (   0.4545)

@3
Covariance matrices
                   
Covariance matrix of estimates (correlations below diagonal):
     0.039     -0.046
    -0.508      0.207

Derivative matrix of expected statistics X by parameters and
covariance/correlation matrix of X can be found using
summary(ans) within R, or by using the 'verbose' option in Siena07.
 
Total computation time 0.72 seconds.


-----------------------------------
New Analysis started.
Date and time: 10/03/2016 11:16:39
New results follow.
-----------------------------------

Siena version 1.1-232 (18 Jun 13)

@1
Estimation by stochastic approximation algorithm.
=================================================

Random initialization of random number stream.
Current random number seed is 372055.
Effects object used: myeff 
Model Type 1: Standard actor-oriented model
Estimation method: conditional moment estimation
Conditioning variable is the total number of observed changes ("distance") 
in the network variable.
Distance for simulations is   51 .
Standard errors are estimated with the likelihood ratio method.
Initial value of gain parameter is  0.2000000.
Number of subphases in Phase 2 is 2.

Initial parameter values are 
  0. Rate parameter                           4.8094
  1. eval:  outdegree (density)                            -0.5604
  2. eval:  reciprocity                                     0.0000


Observed values of target statistics are
  1. Number of ties                                                     129.0000
  2. Number of reciprocated ties                                         58.0000

 2 parameters, 2 statistics

Estimation of derivatives by the LR method (type 1).

@2
End of stochastic approximation algorithm, phase 3.
---------------------------------------------------

Total of 427 iterations.
Parameter estimates based on 327 iterations,
basic rate parameter as well as 
convergence diagnostics, covariance and derivative matrices based on 100 iterations.

Information for convergence diagnosis.
Averages, standard deviations, and t-ratios for deviations from targets:
  1.   1.0200   6.2700   0.1627 
  2.   0.8800   6.1056   0.1441 

Good convergence is indicated by the t-ratios being close to zero.


@2
Estimation Results.
-------------------

Regular end of estimation algorithm.
Total of 427 iteration steps.

@3
Estimates and standard errors
                             
Rate parameters:
 0. Rate parameter                            3.0494  (   0.4559)
 1. eval:  outdegree (density)                          -1.1482  (   0.2337)
 2. eval:  reciprocity                                   1.8225  (   0.4488)

@3
Covariance matrices
                   
Covariance matrix of estimates (correlations below diagonal):
     0.055     -0.060
    -0.575      0.201

Derivative matrix of expected statistics X by parameters and
covariance/correlation matrix of X can be found using
summary(ans) within R, or by using the 'verbose' option in Siena07.
 
Total computation time 0.58 seconds.


-----------------------------------
New Analysis started.
Date and time: 10/03/2016 11:16:46
New results follow.
-----------------------------------

Siena version 1.1-232 (18 Jun 13)

@1
Estimation by stochastic approximation algorithm.
=================================================

Random initialization of random number stream.
Current random number seed is 572488.
Effects object used: myeff 
Model Type 1: Standard actor-oriented model
Estimation method: conditional moment estimation
Conditioning variable is the total number of observed changes ("distance") 
in the network variable.
Distance for simulations is   51 .
Standard errors are estimated with the likelihood ratio method.
Initial value of gain parameter is  0.2000000.
Number of subphases in Phase 2 is 2.

Initial parameter values are 
  0. Rate parameter                           3.0494
  1. eval:  outdegree (density)                            -1.1482
  2. eval:  reciprocity                                     1.8225


Observed values of target statistics are
  1. Number of ties                                                     129.0000
  2. Number of reciprocated ties                                         58.0000

 2 parameters, 2 statistics

Estimation of derivatives by the LR method (type 1).

@2
End of stochastic approximation algorithm, phase 3.
---------------------------------------------------

Total of 458 iterations.
Parameter estimates based on 358 iterations,
basic rate parameter as well as 
convergence diagnostics, covariance and derivative matrices based on 100 iterations.

Information for convergence diagnosis.
Averages, standard deviations, and t-ratios for deviations from targets:
  1.   0.0400   6.4258   0.0062 
  2.   1.1200   5.9037   0.1897 

Good convergence is indicated by the t-ratios being close to zero.


@2
Estimation Results.
-------------------

Regular end of estimation algorithm.
Total of 458 iteration steps.

@3
Estimates and standard errors
                             
Rate parameters:
 0. Rate parameter                            3.0193  (   0.5126)
 1. eval:  outdegree (density)                          -1.1408  (   0.1887)
 2. eval:  reciprocity                                   1.8194  (   0.4659)

@3
Covariance matrices
                   
Covariance matrix of estimates (correlations below diagonal):
     0.036     -0.052
    -0.593      0.217

Derivative matrix of expected statistics X by parameters and
covariance/correlation matrix of X can be found using
summary(ans) within R, or by using the 'verbose' option in Siena07.
 
Total computation time 0.65 seconds.
