                        ***************************
                              070907pstar.out
                        ***************************

Filename is 070907pstar.out.

This file contains primary output for SIENA project <<070907pstar>>.
File 070907pstar.log contains secondary output.

Date and time: 7/9/2007 3:46:16 PM

SIENA version 3.1 (26-March-2007)


@1
Data input.
===========

Read basic information file 070907pstar.IN.
1 observation,
194 actors,
1 dependent network variable,
0 dependent actor variables,
3 files with constant actor covariates,
0 exogenous changing actor covariates,
0 constant dyadic covariates,
0 exogenous changing dyadic covariates,
no file with times of composition change.


@2
Reading network variables.
--------------------------

Reading digraph file for the  network variable:

File C:\StOCNET\temp\~wave 1 network.dat contains network data.
nonzero code is 1; missing code is 9.

For file C:\StOCNET\temp\~wave 1 network.dat, degree distributions are as follows:
Nodes
  1  2  3  4  5  6  7  8  9 10 11 12 13 14 15 16 17 18 19 20
 21 22 23 24 25 26 27 28 29 30 31 32 33 34 35 36 37 38 39 40
 41 42 43 44 45 46 47 48 49 50 51 52 53 54 55 56 57 58 59 60
 61 62 63 64 65 66 67 68 69 70 71 72 73 74 75 76 77 78 79 80
 81 82 83 84 85 86 87 88 89 90 91 92 93 94 95 96 97 98 99100
101102103104105106107108109110111112113114115116117118119120
121122123124125126127128129130131132133134135136137138139140
141142143144145146147148149150151152153154155156157158159160
161162163164165166167168169170171172173174175176177178179180
181182183184185186187188189190191192193194
in-degrees 
  2 10  1  0  0  1  0  0  0  1  2  2  0  2  1  1  2  5  0  2
  0  0  1  4  4  3  1 10  3  1  2  0  0  0  1  0  0  2  2  1
  0  1  1  1  1  0  1  2  2  1  0  0  1  3  8  0  0  1  0  0
  0  1  0  0  0  0  0  0  1  1  1  3  0  9  3  3  3  1  0  0
  2  0  1  0  1  0  0  1  2  1 10  1  2  0  0  0  0  0  1  0
  0  0  0  0  1  1  2  0  0  1  6  5  3  8  4  1  0  0  0  0
  0  0  3  0  1  0  0  1  1  0  0  1  1  2 10  1  2  2  4  1
  1  1  0  1  0  0  0  2  7  0  3  0  0  1  0  0  0  3  1  1
  0  0  0  2  1  0  0  0  0  1  0  3  0  9  4  7  2  0  4  0
  0  0  7  0  0  0  0  1  0  7  0  5  0  3
out-degrees 
  3  2  0  1  0  1  1  0  2  1  3  2  1  1  1  2  4  3  2  2
  1  4  1  1  2  4  2  7  2  2  0  3  0  0  0  0  1  0  2  2
  1  2  1  3  1  2  0  0  0  3  0  0  2  2  3  3  0  0  1  2
  2  1  2  2  1  0  0  1  0  1  1  3  4  1  1  1  2  2  0  0
  1  1  1  2  3  2  0  2  1  3  1  1  2  1  1  1  2  0  1  3
  3  1  3  1  2  0  2  0  0  0  1  5  0  1  1  1  1  1  1  0
  0  1  0  1  2  0  2  2  0  1  1  1  3  2  5  2  2  3  1  0
  3  1  0  1  0  1  0  0  0  0  4  0  3  1  0  0  1  3  3  2
  2  0  0  1  2  0  1  3  2  1  1  3  2  2  3  3  3  3  0  1
  2  3  1  2  0  3  0  0  1  3  1  2  1  3
The input file contains codes for structurally determined values:
  33742 structural zeros were found (code 10).
     0 structural one was found (code 11).
The structurally free (non-determined) values separate
the actors into 10 components:
component       actors
     1                            1                    2                    3
                                  4                    5                    6
                                  7                    8                    9
                                 10                   11                   12
                                 13                   14                   15
                                 16                   17                   18
                                 19
     2                           20                   21                   22
                                 23                   24                   25
                                 26                   27                   28
                                 29                   30                   31
                                 32
     3                           33                   34                   35
                                 36                   37                   38
                                 39                   40                   41
                                 42                   43                   44
                                 45                   46                   47
                                 48                   49                   50
                                 51                   52                   53
                                 54                   55                   56
              
     4                           57                   58                   59
                                 60                   61                   62
                                 63                   64                   65
                                 66                   67                   68
                                 69                   70                   71
                                 72                   73                   74
                                 75                   76                   77
              
     5                           78                   79                   80
                                 81                   82                   83
                                 84                   85                   86
                                 87                   88                   89
                                 90                   91                   92
                                 93
     6                           94                   95                   96
                                 97                   98                   99
                                100                  101                  102
                                103                  104                  105
                                106                  107                  108
                                109                  110                  111
                                112                  113                  114
              
     7                          115                  116                  117
                                118                  119                  120
                                121                  122                  123
                                124                  125                  126
                                127                  128                  129
                                130                  131                  132
                                133                  134                  135
                                136                  137                  138
                                139
     8                          140                  141                  142
                                143                  144                  145
                                146                  147                  148
                                149                  150                  151
                                152                  153                  154
                                155                  156                  157
                                158                  159
     9                          160                  161                  162
                                163                  164                  165
                                166                  167                  168
                                169                  170                  171
                                172                  173                  174
                                175                  176                  177
                                178                  179
    10                          180                  181                  182
                                183                  184                  185
                                186                  187                  188
                                189                  190                  191
                                192                  193                  194
              

No missing data.

Name of this network variable: ....(none given).


@2
Reading constant actor covariates.
----------------------------------

Covariate data file C:\StOCNET\temp\~gov-nongov.dat with 1 variables, named:
GOV=1        (code for missing data is 11).
Covariate data file C:\StOCNET\temp\~Prodev-proenv.dat with 1 variables, named:
PRODEVELOPME (code for missing data is 11).
Covariate data file C:\StOCNET\temp\~Trust.dat with 2 variables, named:
TRUST1       (code for missing data is 11),
TRUST2       (code for missing data is 11).

A total of 4 non-changing individual covariates.

Number of missing cases:
Gov=1           0   ( 0.0 %)
prodevelopme    0   ( 0.0 %)
trust1          0   ( 0.0 %)
trust2         69   (35.6 %)

Means of covariates (missings not counted):
Gov=1          0.495 
prodevelopme   0.804 
trust1         5.869 
trust2         6.041 

The mean values are subtracted from the covariates.

For the similarity variable calculated from each actor covariate, 
the mean is subtracted.
These means are : 
Similarity Gov=1        :       0.4975
Similarity prodevelopme :       0.8607
Similarity trust1       :       0.7719
Similarity trust2       :       0.7735


@1
Initial data description.
=========================


@2
Change in networks:
-------------------

For the following statistics, missing values (if any) are not counted.
Further, structurally determined entries are treated as observed entries.

Network density  = 277/37442 =   0.0074 .
Average degree   =   1.4278 .
Parameter estimate in the independent ties model = -4.8991 ,
standard error   =   0.0603 .

Dyad count:    total    mutual    asymm.     null
              18721        30       217     18474

For the parameter estimates first reported here,
structurally determined values are treated as outcomes.
For the reciprocity model, the ML parameter estimates are
density:      -5.1374
reciprocity:   3.8518
Covariance matrix of sufficient statistics (2M+A, M) (correlation below diagonal):
  332.9014    59.5561
    0.5964    29.9519
Covariance matrix of ML estimates (correlation below diagonal
    0.0047    -0.0093
   -0.5964     0.0518
Standard errors:
density:       0.0683
reciprocity:   0.2276

Deviance:   2811.4556

For the reciprocity model conditional on the total number of arcs,
the maximum likelihood estimator of the reciprocity parameter is   3.8548

These standard initial parameters are calculated
using only dyads with complete and non-structurally determined data.
The parameters are:
density       -5.1374
reciprocity    3.8518
and further zero values.


@2
Clique analysis
---------------


Observed numbers of cliques:
order      4
number     0


@2
Model descriptions.
-------------------

Parameters and target statistics for the current project.

Parameters for defining the evaluation function
(with number of corresponding default statistic):
 1. degree (density)                                  ( 1)
 2. reciprocity                                       ( 2)
 3. transitive triplets                               ( 3)
 4. 3-cycles                                          ( 4)
 5. out-2-stars                                       ( 5)
 6. in-2-stars                                        ( 6)
 7. 2-paths                                           ( 7)
 8. in-3-stars                                        ( 8)
 9. in-4-stars                                        ( 9)
10. in-5-stars                                        (10)
11. out-3-stars                                       (11)
12. out-4-stars                                       (12)
13. out-5-stars                                       (13)
14. sum 1/(outdegrees + 1)                            (14)
15. sum 1/(o.deg + 1)(o.deg + 1+1)                    (15)
16. alternating out-k-stars, par. 2                   (16)
17. alternating in-k-stars, par. 2                    (17)
18. direct + indirect connections                     (18)
19. indirect connections                              (19)
20. alternating k-triangles, par. 2                   (20)
21. alternating independent twopaths, par. 2          (21)
22. cliques of order 4                                (22)
23. cliques of order 5                                (23)
24. Gov=1 ego                                         (24)
25. Gov=1 alter                                       (25)
26. Gov=1 similarity                                  (26)
27. Gov=1 identity                                    (27)
28. prodevelopme ego                                  (28)
29. prodevelopme alter                                (29)
30. prodevelopme similarity                           (30)
31. prodevelopme identity                             (31)
32. trust1 ego                                        (32)
33. trust1 alter                                      (33)
34. trust1 similarity                                 (34)
35. trust1 identity                                   (35)
36. trust2 ego                                        (36)
37. trust2 alter                                      (37)
38. trust2 similarity                                 (38)
39. trust2 identity                                   (39)
40. unspecified interaction effect                    (40)
41. unspecified interaction effect                    (41)
42. unspecified interaction effect                    (42)
43. unspecified interaction effect                    (43)
44. unspecified interaction effect                    (44)
45. unspecified interaction effect                    (45)
46. unspecified interaction effect                    (46)
47. unspecified interaction effect                    (47)
48. unspecified interaction effect                    (48)
49. unspecified interaction effect                    (49)

Statistics:
 1. Number of ties                                              
 2. Number of mutuals                                           
 3. Number of transitive triplets                               
 4. 3-cycles                                                    
 5. out-2-stars                                                 
 6. in-2-stars                                                  
 7. 2-paths                                                     
 8. in-3-stars                                                  
 9. in-4-stars                                                  
10. in-5-stars                                                  
11. out-3-stars                                                 
12. out-4-stars                                                 
13. out-5-stars                                                 
14. sum 1/(outdegrees + 1)                                      
15. sum 1/(o.deg + 1)(o.deg + 1+1)                              
16. alternating out-k-stars, par. 2                             
17. alternating in-k-stars, par. 2                              
18. number ordered pairs direct + indirectly connected          
19. number ordered pairs indirectly connected                   
20. alternating k-triangles, par. 2                             
21. alternating independent twopaths, par. 2                    
22. number of cliques of order 4                                
23. number of cliques of order 5                                
24. Sum of outindegrees times Gov=1                             
25. Sum of indegrees times Gov=1                                
26. Similarity on Gov=1                                         
27. Same values on Gov=1                                        
28. Sum of outindegrees times prodevelopme                      
29. Sum of indegrees times prodevelopme                         
30. Similarity on prodevelopme                                  
31. Same values on prodevelopme                                 
32. Sum of outindegrees times trust1                            
33. Sum of indegrees times trust1                               
34. Similarity on trust1                                        
35. Same values on trust1                                       
36. Sum of outindegrees times trust2                            
37. Sum of indegrees times trust2                               
38. Similarity on trust2                                        
39. Same values on trust2                                       
40. unspecified interaction statistic                           
41. unspecified interaction statistic                           
42. unspecified interaction statistic                           
43. unspecified interaction statistic                           
44. unspecified interaction statistic                           
45. unspecified interaction statistic                           
46. unspecified interaction statistic                           
47. unspecified interaction statistic                           
48. unspecified interaction statistic                           
49. unspecified interaction statistic                           

Warning!!!!
Calculation of number of 4-stars is unreliable for large degrees.
This is because n >= 162.
Do not use models with 4-stars.

A list of objective function effects is given in file 070907pstar.eff.
The numbers in this list can be used for specifying interaction effects (see the SIENA manual).

Initialisation of project <<070907pstar>> executed succesfully.





-----------------------------------
New analysis started.
Date and time: 7/9/2007 3:53:43 PM
New results follow.
-----------------------------------

Siena version 3.1 (26-March-2007)

@1
Estimation by stochastic approximation algorithm.
=================================================

Random initialization of random number stream.
Current random number seed is 3223866.
Conditional moment estimation.
Observed density =  0.0074
Number of ties   =  277
Simulation method: M.H. for single ties, A, continuous (code 14).
13921 steps per simulation; multiplication factor = 50.000.
Initial value of gain parameter is  0.0100000 .
Number of subphases in Phase 2 is 4.

Initial parameter values are 
  1. reciprocity                                            0.8700
        corresponding to statistic 2
  2. transitive triplets                                    0.2900
        corresponding to statistic 3
  3. out-2-stars                                            0.0002
        corresponding to statistic 5
  4. in-2-stars                                             0.2425
        corresponding to statistic 6
  5. 2-paths                                                0.0270
        corresponding to statistic 7
  6. Gov=1 ego                                              0.0000
        corresponding to statistic 24
  7. Gov=1 alter                                            0.1600
        corresponding to statistic 25
  8. Gov=1 identity                                         0.0000
        corresponding to statistic 27
  9. prodevelopme ego                                       0.2000
        corresponding to statistic 28
 10. prodevelopme alter                                     0.0000
        corresponding to statistic 29
 11. prodevelopme similarity                                0.8400
        corresponding to statistic 30
 12. trust1 ego                                             0.0000
        corresponding to statistic 32
 13. trust1 alter                                           0.0000
        corresponding to statistic 33
 14. trust1 similarity                                      0.7400
        corresponding to statistic 34


Observed values of target statistics are 
  1. Number of mutuals                                                   30.0000
  2. Number of transitive triplets                                      123.0000
  3. out-2-stars                                                        205.0000
  4. in-2-stars                                                         533.0000
  5. 2-paths                                                            505.0000
  6. Sum of outindegrees times Gov=1                                     10.9404
  7. Sum of indegrees times Gov=1                                        38.9404
  8. Same values on Gov=1                                               145.0000
  9. Sum of outindegrees times prodevelopme                               1.8643
 10. Sum of indegrees times prodevelopme                                  0.2643
 11. Similarity on prodevelopme                                           7.9238
 12. Sum of outindegrees times trust1                                    51.5978
 13. Sum of indegrees times trust1                                      -22.1022
 14. Similarity on trust1                                                10.8870

14 parameters, 14 statistics 


@2
End of stochastic approximation algorithm, phase 3.
---------------------------------------------------

Total of 2693 iterations.
Parameter estimates based on 2193 iterations,
convergence diagnostics, covariance and derivative matrices based on 500 iterations.

Information for convergence diagnosis.
Averages, standard deviations, and t-ratios for deviations from targets:
  1.      0.158    4.495    0.035
  2.      0.732   20.218    0.036
  3.      2.234   14.698    0.152
  4.    -22.986   69.278   -0.332
  5.      2.646   38.797    0.068
  6.      0.060    8.362    0.007
  7.     -1.164   13.339   -0.087
  8.     -0.924    8.258   -0.112
  9.     -0.001    3.018   -0.000
 10.      0.067    4.278    0.016
 11.     -0.059    1.953   -0.030
 12.     -4.784   32.209   -0.149
 13.     -2.503   46.000   -0.054
 14.     -0.240    2.857   -0.084

Good convergence is indicated by the t-ratios being close to zero.
One or more of the t-statistics are rather large.

Autocorrelations during phase 3 : 
  1.   0.0565
  2.   0.0742
  3.  -0.0216
  4.   0.2455
  5.   0.0558
  6.   0.0182
  7.   0.3059
  8.   0.0542
  9.   0.0995
 10.   0.3501
 11.   0.0719
 12.  -0.0343
 13.   0.2808
 14.   0.0939



@2
Estimation results.
-------------------

Regular end of estimation algorithm.
Total of 2693 iteration steps.

@3
Estimates and standard errors 

 1. reciprocity                                          0.8608  (   0.2915)
 2. transitive triplets                                  0.2747  (   0.0799)
 3. out-2-stars                                          0.0067  (   0.0951)
 4. in-2-stars                                           0.2544  (   0.0196)
 5. 2-paths                                              0.0288  (   0.0370)
 6. Gov=1 ego                                            0.0219  (   0.1350)
 7. Gov=1 alter                                          0.1716  (   0.0878)
 8. Gov=1 identity                                       0.0548  (   0.1253)
 9. prodevelopme ego                                     0.1956  (   0.3608)
10. prodevelopme alter                                   0.0483  (   0.2540)
11. prodevelopme similarity                              0.8951  (   0.5259)
12. trust1 ego                                           0.0479  (   0.0343)
13. trust1 alter                                        -0.0367  (   0.0259)
14. trust1 similarity                                    0.8447  (   0.3833)


@3
Covariance matrices

Covariance matrix of estimates (correlations below diagonal): 
     0.085     -0.006      0.002      0.001     -0.004     -0.002      0.001     -0.001     -0.006      0.002     -0.012      0.001     -0.000      0.002 
    -0.260      0.006     -0.004     -0.001     -0.001      0.000     -0.000     -0.001      0.001      0.001     -0.000     -0.000      0.000     -0.001 
     0.077     -0.513      0.009      0.001     -0.001     -0.001     -0.000      0.000     -0.002      0.000     -0.002     -0.000     -0.000     -0.002 
     0.225     -0.470      0.499      0.000     -0.000     -0.000     -0.001      0.000     -0.001     -0.000     -0.001      0.000      0.000     -0.000 
    -0.415     -0.252     -0.163     -0.156      0.001     -0.001      0.000      0.000      0.001     -0.000      0.001      0.000     -0.000     -0.000 
    -0.039      0.043     -0.098     -0.010     -0.131      0.018     -0.003     -0.003      0.002     -0.002     -0.005     -0.001      0.000     -0.001 
     0.023     -0.044     -0.026     -0.309      0.069     -0.285      0.008      0.000      0.001      0.002      0.002      0.000     -0.000      0.000 
    -0.022     -0.079      0.015      0.063      0.026     -0.202      0.024      0.016      0.000     -0.001      0.004      0.000      0.000     -0.001 
    -0.059      0.027     -0.066     -0.081      0.054      0.041      0.045      0.004      0.130     -0.032      0.019     -0.000      0.001     -0.007 
     0.029      0.034      0.006     -0.035     -0.044     -0.049      0.105     -0.019     -0.350      0.065     -0.008      0.000      0.000      0.001 
    -0.080     -0.007     -0.034     -0.061      0.030     -0.073      0.049      0.061      0.100     -0.058      0.277      0.001     -0.001     -0.016 
     0.113     -0.063     -0.012      0.003      0.016     -0.152      0.044      0.053     -0.012      0.007      0.046      0.001     -0.000      0.001 
    -0.033      0.067     -0.039      0.067     -0.050      0.089     -0.187      0.022      0.072      0.050     -0.064     -0.377      0.001     -0.003 
     0.018     -0.042     -0.041     -0.059     -0.027     -0.019      0.003     -0.020     -0.048      0.008     -0.078      0.109     -0.350      0.147 

Derivative matrix of expected statistics X by parameters and
covariance/correlation matrix of X are written to file 070907pstar.log.

Total computation time   205.97 seconds.


-----------------------------------
New analysis started.
Date and time: 7/9/2007 3:58:42 PM
New results follow.
-----------------------------------

Siena version 3.1 (26-March-2007)

@1
Estimation by stochastic approximation algorithm.
=================================================

Random initialization of random number stream.
Current random number seed is 3522960.
Conditional moment estimation.
Observed density =  0.0074
Number of ties   =  277
Simulation method: M.H. for single ties, A, continuous (code 14).
13921 steps per simulation; multiplication factor = 50.000.
Initial value of gain parameter is  0.0100000 .
Number of subphases in Phase 2 is 4.

Initial parameter values are 
  1. reciprocity                                            0.8608
        corresponding to statistic 2
  2. transitive triplets                                    0.2747
        corresponding to statistic 3
  3. out-2-stars                                            0.0067
        corresponding to statistic 5
  4. in-2-stars                                             0.2544
        corresponding to statistic 6
  5. 2-paths                                                0.0288
        corresponding to statistic 7
  6. Gov=1 ego                                              0.0219
        corresponding to statistic 24
  7. Gov=1 alter                                            0.1716
        corresponding to statistic 25
  8. Gov=1 identity                                         0.0548
        corresponding to statistic 27
  9. prodevelopme ego                                       0.1956
        corresponding to statistic 28
 10. prodevelopme alter                                     0.0483
        corresponding to statistic 29
 11. prodevelopme similarity                                0.8951
        corresponding to statistic 30
 12. trust1 ego                                             0.0479
        corresponding to statistic 32
 13. trust1 alter                                          -0.0367
        corresponding to statistic 33
 14. trust1 similarity                                      0.8447
        corresponding to statistic 34


Observed values of target statistics are 
  1. Number of mutuals                                                   30.0000
  2. Number of transitive triplets                                      123.0000
  3. out-2-stars                                                        205.0000
  4. in-2-stars                                                         533.0000
  5. 2-paths                                                            505.0000
  6. Sum of outindegrees times Gov=1                                     10.9404
  7. Sum of indegrees times Gov=1                                        38.9404
  8. Same values on Gov=1                                               145.0000
  9. Sum of outindegrees times prodevelopme                               1.8643
 10. Sum of indegrees times prodevelopme                                  0.2643
 11. Similarity on prodevelopme                                           7.9238
 12. Sum of outindegrees times trust1                                    51.5978
 13. Sum of indegrees times trust1                                      -22.1022
 14. Similarity on trust1                                                10.8870

14 parameters, 14 statistics 


@2
End of stochastic approximation algorithm, phase 3.
---------------------------------------------------

Total of 2693 iterations.
Parameter estimates based on 2193 iterations,
convergence diagnostics, covariance and derivative matrices based on 500 iterations.

Information for convergence diagnosis.
Averages, standard deviations, and t-ratios for deviations from targets:
  1.     -0.196    4.399   -0.045
  2.     -1.442   19.456   -0.074
  3.     -2.318   14.122   -0.164
  4.     12.384   73.404    0.169
  5.     -0.536   38.676   -0.014
  6.     -0.700    7.874   -0.089
  7.     -0.044   13.094   -0.003
  8.     -0.228    7.993   -0.029
  9.      0.120    2.934    0.041
 10.      0.386    4.383    0.088
 11.      0.042    2.061    0.020
 12.      0.322   34.082    0.009
 13.     -0.561   47.688   -0.012
 14.     -0.217    3.088   -0.070

Good convergence is indicated by the t-ratios being close to zero.

Autocorrelations during phase 3 : 
  1.   0.0594
  2.   0.1447
  3.   0.0406
  4.   0.3910
  5.   0.0888
  6.   0.1157
  7.   0.2206
  8.   0.0038
  9.   0.1063
 10.   0.3349
 11.   0.1359
 12.   0.0181
 13.   0.2352
 14.   0.1493



@2
Estimation results.
-------------------

Regular end of estimation algorithm.
Total of 2693 iteration steps.

@3
Estimates and standard errors 

 1. reciprocity                                          0.8394  (   0.2843)
 2. transitive triplets                                  0.2973  (   0.0753)
 3. out-2-stars                                          0.0018  (   0.0956)
 4. in-2-stars                                           0.2538  (   0.0178)
 5. 2-paths                                              0.0311  (   0.0371)
 6. Gov=1 ego                                            0.0168  (   0.1510)
 7. Gov=1 alter                                          0.1767  (   0.0894)
 8. Gov=1 identity                                       0.0646  (   0.1307)
 9. prodevelopme ego                                     0.1395  (   0.3759)
10. prodevelopme alter                                  -0.0118  (   0.2561)
11. prodevelopme similarity                              0.8619  (   0.4998)
12. trust1 ego                                           0.0519  (   0.0336)
13. trust1 alter                                        -0.0374  (   0.0251)
14. trust1 similarity                                    0.8140  (   0.3626)


@3
Covariance matrices

Covariance matrix of estimates (correlations below diagonal): 
     0.081     -0.004      0.001      0.001     -0.004     -0.003      0.001     -0.002     -0.003     -0.000     -0.001      0.000      0.000     -0.009 
    -0.182      0.006     -0.003     -0.001     -0.001      0.001     -0.001      0.000     -0.000     -0.000     -0.002     -0.000      0.000     -0.002 
     0.030     -0.413      0.009      0.001     -0.001     -0.001      0.000      0.001     -0.002      0.003     -0.005     -0.000      0.000     -0.002 
     0.102     -0.413      0.508      0.000     -0.000     -0.000     -0.000      0.000     -0.000      0.000     -0.001     -0.000      0.000     -0.000 
    -0.409     -0.239     -0.233     -0.192      0.001     -0.001      0.000      0.000      0.002      0.000      0.001      0.000     -0.000      0.001 
    -0.072      0.058     -0.058     -0.002     -0.126      0.023     -0.005     -0.004      0.011     -0.007      0.001     -0.001      0.000     -0.004 
     0.028     -0.130      0.028     -0.178      0.053     -0.353      0.008      0.000     -0.003      0.005      0.002      0.000     -0.000     -0.001 
    -0.062      0.012      0.051      0.107      0.039     -0.225      0.006      0.017     -0.003      0.003      0.002     -0.000      0.000     -0.001 
    -0.027     -0.009     -0.061     -0.024      0.118      0.188     -0.093     -0.062      0.141     -0.036      0.009     -0.000     -0.000     -0.001 
    -0.002     -0.016      0.106      0.052      0.002     -0.179      0.204      0.088     -0.369      0.066     -0.009      0.000      0.000      0.006 
    -0.008     -0.060     -0.105     -0.060      0.055      0.008      0.037      0.023      0.050     -0.073      0.250      0.001     -0.000     -0.022 
     0.030     -0.067     -0.146     -0.030      0.162     -0.235      0.141     -0.010     -0.009      0.002      0.053      0.001     -0.000      0.002 
     0.017      0.023      0.040      0.042     -0.171      0.052     -0.119      0.036     -0.030      0.054     -0.018     -0.389      0.001     -0.003 
    -0.084     -0.074     -0.054     -0.032      0.107     -0.072     -0.016     -0.018     -0.008      0.064     -0.119      0.136     -0.359      0.131 

Derivative matrix of expected statistics X by parameters and
covariance/correlation matrix of X are written to file 070907pstar.log.

Total computation time   205.56 seconds.


-----------------------------------
New analysis started.
Date and time: 7/9/2007 4:04:49 PM
New results follow.
-----------------------------------

Siena version 3.1 (26-March-2007)

@1
Estimation by stochastic approximation algorithm.
=================================================

Random initialization of random number stream.
Current random number seed is 289928.
Conditional moment estimation.
Observed density =  0.0074
Number of ties   =  277
Simulation method: M.H. for single ties, A, continuous (code 14).
13921 steps per simulation; multiplication factor = 50.000.
Initial value of gain parameter is  0.0100000 .
Number of subphases in Phase 2 is 4.

Initial parameter values are 
  1. reciprocity                                            0.8394
        corresponding to statistic 2
  2. transitive triplets                                    0.2973
        corresponding to statistic 3
  3. out-2-stars                                            0.0018
        corresponding to statistic 5
  4. in-2-stars                                             0.2538
        corresponding to statistic 6
  5. 2-paths                                                0.0311
        corresponding to statistic 7
  6. Gov=1 ego                                              0.0168
        corresponding to statistic 24
  7. Gov=1 alter                                            0.1767
        corresponding to statistic 25
  8. Gov=1 identity                                         0.0646
        corresponding to statistic 27
  9. prodevelopme ego                                       0.1395
        corresponding to statistic 28
 10. prodevelopme alter                                    -0.0118
        corresponding to statistic 29
 11. prodevelopme similarity                                0.8619
        corresponding to statistic 30
 12. trust1 ego                                             0.0519
        corresponding to statistic 32
 13. trust1 alter                                          -0.0374
        corresponding to statistic 33
 14. trust1 similarity                                      0.8140
        corresponding to statistic 34


Observed values of target statistics are 
  1. Number of mutuals                                                   30.0000
  2. Number of transitive triplets                                      123.0000
  3. out-2-stars                                                        205.0000
  4. in-2-stars                                                         533.0000
  5. 2-paths                                                            505.0000
  6. Sum of outindegrees times Gov=1                                     10.9404
  7. Sum of indegrees times Gov=1                                        38.9404
  8. Same values on Gov=1                                               145.0000
  9. Sum of outindegrees times prodevelopme                               1.8643
 10. Sum of indegrees times prodevelopme                                  0.2643
 11. Similarity on prodevelopme                                           7.9238
 12. Sum of outindegrees times trust1                                    51.5978
 13. Sum of indegrees times trust1                                      -22.1022
 14. Similarity on trust1                                                10.8870

14 parameters, 14 statistics 


@2
End of stochastic approximation algorithm, phase 3.
---------------------------------------------------

Total of 2693 iterations.
Parameter estimates based on 2193 iterations,
convergence diagnostics, covariance and derivative matrices based on 500 iterations.

Information for convergence diagnosis.
Averages, standard deviations, and t-ratios for deviations from targets:
  1.      0.006    4.410    0.001
  2.      0.224   19.092    0.012
  3.     -1.354   15.091   -0.090
  4.      9.004   68.847    0.131
  5.     -0.538   36.422   -0.015
  6.     -0.070    8.336   -0.008
  7.      0.240   11.577    0.021
  8.     -0.010    8.912   -0.001
  9.     -0.212    2.652   -0.080
 10.     -0.234    4.163   -0.056
 11.     -0.155    2.019   -0.077
 12.     -0.936   30.299   -0.031
 13.      0.891   43.569    0.020
 14.      0.003    2.817    0.001

Good convergence is indicated by the t-ratios being close to zero.

Autocorrelations during phase 3 : 
  1.   0.0230
  2.   0.0605
  3.   0.0394
  4.   0.2884
  5.   0.0159
  6.   0.1343
  7.   0.1464
  8.   0.1084
  9.   0.0542
 10.   0.3218
 11.   0.0532
 12.   0.0107
 13.   0.0719
 14.   0.1152



@2
Estimation results.
-------------------

Regular end of estimation algorithm.
Total of 2693 iteration steps.

@3
Estimates and standard errors 

 1. reciprocity                                          0.8995  (   0.2685)
 2. transitive triplets                                  0.2931  (   0.0743)
 3. out-2-stars                                         -0.0086  (   0.0919)
 4. in-2-stars                                           0.2416  (   0.0181)
 5. 2-paths                                              0.0221  (   0.0357)
 6. Gov=1 ego                                            0.0094  (   0.1359)
 7. Gov=1 alter                                          0.1744  (   0.0990)
 8. Gov=1 identity                                       0.0471  (   0.1197)
 9. prodevelopme ego                                     0.1894  (   0.3982)
10. prodevelopme alter                                  -0.0062  (   0.2543)
11. prodevelopme similarity                              0.8230  (   0.5145)
12. trust1 ego                                           0.0515  (   0.0371)
13. trust1 alter                                        -0.0360  (   0.0270)
14. trust1 similarity                                    0.8258  (   0.3920)


@3
Covariance matrices

Covariance matrix of estimates (correlations below diagonal): 
     0.072     -0.005      0.001      0.001     -0.003     -0.001      0.000      0.001     -0.000      0.001      0.003      0.000     -0.000     -0.005 
    -0.251      0.006     -0.003     -0.001     -0.000      0.001     -0.001     -0.001     -0.001     -0.001     -0.002     -0.000      0.000     -0.001 
     0.055     -0.481      0.008      0.001     -0.001     -0.001      0.001      0.001     -0.001      0.001      0.002     -0.000     -0.000     -0.000 
     0.161     -0.382      0.501      0.000     -0.000      0.000     -0.000      0.000     -0.000      0.000      0.000     -0.000      0.000     -0.000 
    -0.328     -0.174     -0.258     -0.176      0.001     -0.001      0.000     -0.000     -0.000      0.000     -0.002      0.000     -0.000      0.001 
    -0.031      0.066     -0.064      0.009     -0.123      0.018     -0.003     -0.004      0.002     -0.002      0.003     -0.001      0.000     -0.006 
     0.004     -0.111      0.056     -0.199      0.009     -0.255      0.010     -0.000      0.001      0.002     -0.001      0.000     -0.001     -0.001 
     0.041     -0.116      0.052      0.069     -0.014     -0.250     -0.014      0.014      0.001     -0.001      0.006      0.000      0.000     -0.006 
    -0.004     -0.028     -0.020     -0.037     -0.000      0.030      0.032      0.019      0.159     -0.027      0.015     -0.001      0.001      0.006 
     0.020     -0.060      0.045      0.033      0.004     -0.065      0.077     -0.027     -0.270      0.065     -0.007      0.000      0.000      0.010 
     0.019     -0.048      0.033      0.027     -0.122      0.036     -0.017      0.104      0.075     -0.053      0.265      0.001      0.001     -0.034 
     0.026     -0.062     -0.005     -0.024      0.103     -0.203      0.018      0.041     -0.050      0.036      0.061      0.001     -0.000      0.002 
    -0.010      0.010     -0.030      0.041     -0.061      0.100     -0.212      0.038      0.073      0.009      0.045     -0.387      0.001     -0.003 
    -0.052     -0.034     -0.008     -0.056      0.086     -0.114     -0.027     -0.131      0.041      0.100     -0.167      0.108     -0.282      0.154 

Derivative matrix of expected statistics X by parameters and
covariance/correlation matrix of X are written to file 070907pstar.log.

Total computation time   204.50 seconds.



-----------------------------------
New analysis started.
Date and time: 7/9/2007 4:10:58 PM
New results follow.
-----------------------------------

Siena version 3.1 (26-March-2007)

@1
Estimation by stochastic approximation algorithm.
=================================================

Random initialization of random number stream.
Current random number seed is 658616.
Conditional moment estimation.
Observed density =  0.0074
Number of ties   =  277
Simulation method: M.H. for single ties, A, continuous (code 14).
19490 steps per simulation; multiplication factor = 70.000.
Initial value of gain parameter is  0.0100000 .
Number of subphases in Phase 2 is 4.

Initial parameter values are 
  1. reciprocity                                            0.8995
        corresponding to statistic 2
  2. transitive triplets                                    0.2931
        corresponding to statistic 3
  3. out-2-stars                                           -0.0086
        corresponding to statistic 5
  4. in-2-stars                                             0.2416
        corresponding to statistic 6
  5. 2-paths                                                0.0221
        corresponding to statistic 7
  6. Gov=1 ego                                              0.0094
        corresponding to statistic 24
  7. Gov=1 alter                                            0.1744
        corresponding to statistic 25
  8. Gov=1 identity                                         0.0471
        corresponding to statistic 27
  9. prodevelopme ego                                       0.1894
        corresponding to statistic 28
 10. prodevelopme alter                                    -0.0062
        corresponding to statistic 29
 11. prodevelopme similarity                                0.8230
        corresponding to statistic 30
 12. trust1 ego                                             0.0515
        corresponding to statistic 32
 13. trust1 alter                                          -0.0360
        corresponding to statistic 33
 14. trust1 similarity                                      0.8258
        corresponding to statistic 34


Observed values of target statistics are 
  1. Number of mutuals                                                   30.0000
  2. Number of transitive triplets                                      123.0000
  3. out-2-stars                                                        205.0000
  4. in-2-stars                                                         533.0000
  5. 2-paths                                                            505.0000
  6. Sum of outindegrees times Gov=1                                     10.9404
  7. Sum of indegrees times Gov=1                                        38.9404
  8. Same values on Gov=1                                               145.0000
  9. Sum of outindegrees times prodevelopme                               1.8643
 10. Sum of indegrees times prodevelopme                                  0.2643
 11. Similarity on prodevelopme                                           7.9238
 12. Sum of outindegrees times trust1                                    51.5978
 13. Sum of indegrees times trust1                                      -22.1022
 14. Similarity on trust1                                                10.8870

14 parameters, 14 statistics 


@2
End of stochastic approximation algorithm, phase 3.
---------------------------------------------------

Total of 2693 iterations.
Parameter estimates based on 2193 iterations,
convergence diagnostics, covariance and derivative matrices based on 500 iterations.

Information for convergence diagnosis.
Averages, standard deviations, and t-ratios for deviations from targets:
  1.      0.194    4.471    0.043
  2.      0.722   17.986    0.040
  3.      0.496   14.507    0.034
  4.     -3.608   73.123   -0.049
  5.     -2.466   35.622   -0.069
  6.     -0.668    8.126   -0.082
  7.     -1.462   12.789   -0.114
  8.     -0.038    8.305   -0.005
  9.      0.319    3.059    0.104
 10.      0.451    3.989    0.113
 11.      0.150    2.048    0.073
 12.      1.483   31.411    0.047
 13.     -0.373   49.652   -0.008
 14.      0.321    2.964    0.108

Good convergence is indicated by the t-ratios being close to zero.

Autocorrelations during phase 3 : 
  1.   0.0691
  2.   0.0713
  3.   0.0812
  4.   0.1946
  5.   0.0787
  6.   0.0372
  7.   0.2068
  8.   0.0053
  9.  -0.0404
 10.   0.2869
 11.   0.0290
 12.   0.0319
 13.   0.3739
 14.   0.1977



@2
Estimation results.
-------------------

Regular end of estimation algorithm.
Total of 2693 iteration steps.

@3
Estimates and standard errors 

 1. reciprocity                                          0.9043  (   0.2708)
 2. transitive triplets                                  0.2824  (   0.0773)
 3. out-2-stars                                         -0.0074  (   0.0910)
 4. in-2-stars                                           0.2407  (   0.0176)
 5. 2-paths                                              0.0174  (   0.0395)
 6. Gov=1 ego                                            0.0575  (   0.1435)
 7. Gov=1 alter                                          0.1875  (   0.0922)
 8. Gov=1 identity                                       0.0753  (   0.1272)
 9. prodevelopme ego                                     0.0752  (   0.3425)
10. prodevelopme alter                                   0.0198  (   0.2707)
11. prodevelopme similarity                              0.8473  (   0.5028)
12. trust1 ego                                           0.0447  (   0.0356)
13. trust1 alter                                        -0.0434  (   0.0258)
14. trust1 similarity                                    0.8173  (   0.3964)


@3
Covariance matrices

Covariance matrix of estimates (correlations below diagonal): 
     0.073     -0.002      0.002      0.001     -0.004     -0.001      0.001     -0.003      0.004     -0.002     -0.004      0.000     -0.000      0.007 
    -0.111      0.006     -0.003     -0.001     -0.001      0.001     -0.001     -0.001     -0.001     -0.000     -0.002      0.000      0.000     -0.001 
     0.063     -0.405      0.008      0.001     -0.001     -0.002      0.000      0.000      0.002     -0.001     -0.001     -0.000     -0.000     -0.001 
     0.192     -0.375      0.468      0.000     -0.000      0.000     -0.000      0.000      0.000     -0.001     -0.000     -0.000      0.000     -0.000 
    -0.420     -0.316     -0.168     -0.150      0.002     -0.001      0.000      0.000     -0.000      0.000      0.000      0.000     -0.000     -0.002 
    -0.018      0.095     -0.123      0.107     -0.178      0.021     -0.004     -0.004     -0.001      0.003     -0.003     -0.001      0.000      0.003 
     0.022     -0.140      0.042     -0.222      0.085     -0.336      0.008      0.001      0.000      0.004      0.001     -0.000     -0.001     -0.001 
    -0.100     -0.124      0.016      0.011      0.059     -0.198      0.068      0.016      0.004     -0.002      0.006     -0.000      0.000     -0.003 
     0.040     -0.039      0.053      0.075     -0.005     -0.027      0.014      0.094      0.117     -0.024      0.008     -0.001      0.001     -0.006 
    -0.031     -0.007     -0.052     -0.135      0.003      0.067      0.160     -0.066     -0.260      0.073      0.004      0.001      0.000      0.004 
    -0.027     -0.056     -0.018     -0.048      0.015     -0.038      0.031      0.088      0.047      0.026      0.253     -0.001     -0.000     -0.028 
     0.017      0.008     -0.128     -0.027      0.133     -0.147     -0.003     -0.088     -0.055      0.074     -0.042      0.001     -0.000      0.001 
    -0.030      0.070     -0.024      0.128     -0.145      0.076     -0.237      0.031      0.060      0.003     -0.019     -0.307      0.001     -0.004 
     0.061     -0.024     -0.016     -0.034     -0.100      0.056     -0.014     -0.054     -0.046      0.037     -0.139      0.036     -0.425      0.157 

Derivative matrix of expected statistics X by parameters and
covariance/correlation matrix of X are written to file 070907pstar.log.

Total computation time   287.39 seconds.




-----------------------------------
New analysis started.
Date and time: 7/9/2007 4:21:21 PM
New results follow.
-----------------------------------

Siena version 3.1 (26-March-2007)

@1
Estimation by stochastic approximation algorithm.
=================================================

Random initialization of random number stream.
Current random number seed is 1281960.
Conditional moment estimation.
Observed density =  0.0074
Number of ties   =  277
Simulation method: M.H. for single ties, A, continuous (code 14).
22274 steps per simulation; multiplication factor = 80.000.
Initial value of gain parameter is  0.0100000 .
Number of subphases in Phase 2 is 4.

Initial parameter values are 
  1. reciprocity                                            0.9043
        corresponding to statistic 2
  2. transitive triplets                                    0.2824
        corresponding to statistic 3
  3. out-2-stars                                           -0.0074
        corresponding to statistic 5
  4. in-2-stars                                             0.2407
        corresponding to statistic 6
  5. 2-paths                                                0.0174
        corresponding to statistic 7
  6. Gov=1 ego                                              0.0575
        corresponding to statistic 24
  7. Gov=1 alter                                            0.1875
        corresponding to statistic 25
  8. Gov=1 identity                                         0.0753
        corresponding to statistic 27
  9. prodevelopme ego                                       0.0752
        corresponding to statistic 28
 10. prodevelopme alter                                     0.0198
        corresponding to statistic 29
 11. prodevelopme similarity                                0.8473
        corresponding to statistic 30
 12. trust1 ego                                             0.0447
        corresponding to statistic 32
 13. trust1 alter                                          -0.0434
        corresponding to statistic 33
 14. trust1 similarity                                      0.8173
        corresponding to statistic 34


Observed values of target statistics are 
  1. Number of mutuals                                                   30.0000
  2. Number of transitive triplets                                      123.0000
  3. out-2-stars                                                        205.0000
  4. in-2-stars                                                         533.0000
  5. 2-paths                                                            505.0000
  6. Sum of outindegrees times Gov=1                                     10.9404
  7. Sum of indegrees times Gov=1                                        38.9404
  8. Same values on Gov=1                                               145.0000
  9. Sum of outindegrees times prodevelopme                               1.8643
 10. Sum of indegrees times prodevelopme                                  0.2643
 11. Similarity on prodevelopme                                           7.9238
 12. Sum of outindegrees times trust1                                    51.5978
 13. Sum of indegrees times trust1                                      -22.1022
 14. Similarity on trust1                                                10.8870

14 parameters, 14 statistics 


@2
End of stochastic approximation algorithm, phase 3.
---------------------------------------------------

Total of 3193 iterations.
Parameter estimates based on 2193 iterations,
convergence diagnostics, covariance and derivative matrices based on 1000 iterations.

Information for convergence diagnosis.
Averages, standard deviations, and t-ratios for deviations from targets:
  1.     -0.029    4.394   -0.007
  2.      1.028   19.160    0.054
  3.      0.179   14.455    0.012
  4.      8.418   69.204    0.122
  5.      1.807   38.441    0.047
  6.      0.529    8.071    0.066
  7.      0.538   11.753    0.046
  8.      0.669    8.056    0.083
  9.     -0.064    2.909   -0.022
 10.      0.323    4.161    0.078
 11.      0.022    1.980    0.011
 12.     -1.148   31.419   -0.037
 13.     -2.504   42.479   -0.059
 14.     -0.129    2.744   -0.047

Good convergence is indicated by the t-ratios being close to zero.

Autocorrelations during phase 3 : 
  1.  -0.0347
  2.   0.1081
  3.   0.0577
  4.   0.2213
  5.   0.0252
  6.   0.0293
  7.   0.1135
  8.   0.0421
  9.   0.0463
 10.   0.2571
 11.   0.0396
 12.   0.0486
 13.   0.0937
 14.   0.0315



@2
Estimation results.
-------------------

Regular end of estimation algorithm.
Total of 3193 iteration steps.

@3
Estimates and standard errors 

 1. reciprocity                                          0.9646  (   0.2792)
 2. transitive triplets                                  0.2688  (   0.0724)
 3. out-2-stars                                         -0.0244  (   0.0954)
 4. in-2-stars                                           0.2299  (   0.0177)
 5. 2-paths                                              0.0157  (   0.0348)
 6. Gov=1 ego                                            0.0256  (   0.1430)
 7. Gov=1 alter                                          0.1816  (   0.0949)
 8. Gov=1 identity                                       0.0385  (   0.1311)
 9. prodevelopme ego                                     0.2153  (   0.3650)
10. prodevelopme alter                                   0.0031  (   0.2568)
11. prodevelopme similarity                              0.8912  (   0.5175)
12. trust1 ego                                           0.0578  (   0.0347)
13. trust1 alter                                        -0.0341  (   0.0266)
14. trust1 similarity                                    0.8387  (   0.3778)


@3
Covariance matrices

Covariance matrix of estimates (correlations below diagonal): 
     0.078     -0.003      0.001      0.001     -0.004     -0.004      0.001     -0.002     -0.001     -0.002     -0.012      0.001     -0.001     -0.002 
    -0.156      0.005     -0.003     -0.000     -0.001     -0.001     -0.001     -0.001     -0.000     -0.001     -0.001     -0.000      0.000     -0.002 
     0.031     -0.418      0.009      0.001     -0.001     -0.000      0.001      0.000     -0.002      0.000     -0.001     -0.000      0.000      0.000 
     0.118     -0.350      0.482      0.000     -0.000      0.000     -0.000      0.000      0.000     -0.000     -0.000      0.000      0.000     -0.000 
    -0.368     -0.242     -0.250     -0.060      0.001     -0.000     -0.000      0.000      0.000      0.000      0.000      0.000     -0.000     -0.000 
    -0.093     -0.096     -0.015      0.087     -0.076      0.020     -0.003     -0.005      0.005      0.001     -0.002     -0.001      0.000     -0.002 
     0.023     -0.118      0.056     -0.183     -0.008     -0.203      0.009     -0.000     -0.000      0.001     -0.003     -0.000     -0.001     -0.001 
    -0.042     -0.063      0.017      0.050      0.061     -0.252     -0.023      0.017     -0.002      0.000     -0.001     -0.000      0.000     -0.003 
    -0.007     -0.006     -0.045      0.046      0.037      0.101     -0.011     -0.035      0.133     -0.027      0.015     -0.001      0.000      0.000 
    -0.029     -0.079      0.017     -0.049      0.031      0.033      0.032      0.010     -0.288      0.066     -0.012     -0.000      0.001      0.001 
    -0.084     -0.036     -0.013     -0.032      0.018     -0.027     -0.052     -0.009      0.079     -0.088      0.268      0.000     -0.001     -0.007 
     0.108     -0.022     -0.072      0.032      0.074     -0.163     -0.017     -0.006     -0.040     -0.034      0.012      0.001     -0.000      0.001 
    -0.125      0.055      0.000      0.046     -0.021      0.037     -0.208      0.053      0.033      0.124     -0.044     -0.322      0.001     -0.002 
    -0.020     -0.074      0.007     -0.043     -0.015     -0.036     -0.024     -0.063      0.002      0.006     -0.034      0.039     -0.158      0.143 

Derivative matrix of expected statistics X by parameters and
covariance/correlation matrix of X are written to file 070907pstar.log.

Total computation time   387.16 seconds.

