                        **************************
                              wave2pstar.out
                        **************************

Filename is wave2pstar.out.

This file contains primary output for SIENA project <<wave2pstar>>.
File wave2pstar.log contains secondary output.

Date and time: 4/23/2009 11:09:23

SIENA version 3.17p (10 jan 09)

@1
Data input.
===========

Read basic information file wave2pstar.in.
1 observation,
194 actors,
1 dependent network variable,
0 dependent actor variables,
3 files with constant actor covariates,
0 exogenous changing actor covariates,
0 constant dyadic covariates,
0 exogenous changing dyadic covariates,
no file with times of composition change.


@2
Reading network variables.
--------------------------

Reading digraph file for the  network variable:

File C:\Documents and Settings\John T. Scholz\My Documents\Research\Siena\Ramiro2007\2009RevisionAnalysis\Sessions\~wave 2 network.dat contains network data.
nonzero code is 1; missing code is 9.

For file C:\Documents and Settings\John T. Scholz\My Documents\Research\Siena\Ramiro2007\2009RevisionAnalysis\Sessions\~wave 2 network.dat, degree distributions are as follows:
Nodes
  1  2  3  4  5  6  7  8  9 10 11 12 13 14 15 16 17 18 19 20
 21 22 23 24 25 26 27 28 29 30 31 32 33 34 35 36 37 38 39 40
 41 42 43 44 45 46 47 48 49 50 51 52 53 54 55 56 57 58 59 60
 61 62 63 64 65 66 67 68 69 70 71 72 73 74 75 76 77 78 79 80
 81 82 83 84 85 86 87 88 89 90 91 92 93 94 95 96 97 98 99100
101102103104105106107108109110111112113114115116117118119120
121122123124125126127128129130131132133134135136137138139140
141142143144145146147148149150151152153154155156157158159160
161162163164165166167168169170171172173174175176177178179180
181182183184185186187188189190191192193194
out-degrees 
  0  2  0  2  0  3  0  0  0  0  2  0  0  0  1  2  4  3  0  0
  0  0  1  2  2  3  0  0  4  2  2  0  3  2  3  2  3  1  2  2
  2  3  1  0  2  0  2  1  0  1  0  0  1  5  1  2  0  0  0  0
  2  2  3  0  2  0  0  2  0  2  0  1  0  0  0  2  2  2  1  2
  0  0  1  0  3  0  0  0  0  0  0  0  0  0  1  1  0  3  0  0
  0  2  1  0  0  0  2  0  4  1  0  1  2  3  1  2  0  2  2  2
  0  0  3  0  2  0  2  2  0  0  1  0  2  1  2  3  0  1  2  3
  3  2  0  2  0  0  0  0  2  0  3  0  2  2  0  0  0  3  2  0
  2  0  3  0  2  0  1  0  2  0  2  3  2  2  2  3  3  2  4  2
  3  3  3  2  0  0  0  2  1  3  1  4  0  2
in-degrees 
  1  5  0  0  0  1  0  0  0  1  3  0  0  0  0  1  3  4  0  3
  1  0  0  1  1  0  1  6  3  0  0  0  0  3  1  0  0  6  6  2
  1  4  0  0  4  0  1  3  1  0  0  0  0  2  3  2  0  0  0  0
  0  0  0  0  0  1  1  1  0  1  1  6  0  3  0  2  2  0  0  0
  2  0  0  0  0  0  0  2  2  0  2  0  1  1  0  0  0  0  2  1
  3  0  0  1  0  1  2  0  0  0  2  4  4  0  2  0  0  0  0  2
  0  0  1  0  2  0  0  1  1  0  0  0  1  3 12  1  1  2  1  1
  0  1  1  0  0  0  0  2  3  0  5  0  2  3  0  0  0  6  0  0
  0  0  0  2  1  0  0  0  0  0  0  5  1 12  6  1  0  0  5  1
  0  0  6  0  0  1  1  1  0  9  0  5  0  2

The input file contains codes for structurally determined values:
  33742 structural zeros were found (code 10).
     0 structural one was found (code 11).
The structurally free (non-determined) values separate
the actors into 10 components:
component       actors
     1             1     2     3     4     5     6     7     8     9    10
                  11    12    13    14    15    16    17    18    19
     2            20    21    22    23    24    25    26    27    28    29
                  30    31    32
     3            33    34    35    36    37    38    39    40    41    42
                  43    44    45    46    47    48    49    50    51    52
                  53    54    55    56
     4            57    58    59    60    61    62    63    64    65    66
                  67    68    69    70    71    72    73    74    75    76
                  77
     5            78    79    80    81    82    83    84    85    86    87
                  88    89    90    91    92    93
     6            94    95    96    97    98    99   100   101   102   103
                 104   105   106   107   108   109   110   111   112   113
                 114
     7           115   116   117   118   119   120   121   122   123   124
                 125   126   127   128   129   130   131   132   133   134
                 135   136   137   138   139
     8           140   141   142   143   144   145   146   147   148   149
                 150   151   152   153   154   155   156   157   158   159
              
     9           160   161   162   163   164   165   166   167   168   169
                 170   171   172   173   174   175   176   177   178   179
              
    10           180   181   182   183   184   185   186   187   188   189
                 190   191   192   193   194


For data file C:\Documents and Settings\John T. Scholz\My Documents\Research\Siena\Ramiro2007\2009RevisionAnalysis\Sessions\~wave 2 network.dat, number of missing values are 
Nodes  
  1  2  3  4  5  6  7  8  9 10 11 12 13 14 15 16 17 18 19 20
 21 22 23 24 25 26 27 28 29 30 31 32 33 34 35 36 37 38 39 40
 41 42 43 44 45 46 47 48 49 50 51 52 53 54 55 56 57 58 59 60
 61 62 63 64 65 66 67 68 69 70 71 72 73 74 75 76 77 78 79 80
 81 82 83 84 85 86 87 88 89 90 91 92 93 94 95 96 97 98 99100
101102103104105106107108109110111112113114115116117118119120
121122123124125126127128129130131132133134135136137138139140
141142143144145146147148149150151152153154155156157158159160
161162163164165166167168169170171172173174175176177178179180
181182183184185186187188189190191192193194
missing in rows    
 18  0  0  0 18  0 18 18 18 18  0 18 18 18  0  0  0  0 18 12
  0  0  0  0  0  0 12  0  0  0  0 12  0  0  0  0  0  0  0  0
  0  0  0 23  0 23  0  0 23  0 23 23  0  0  0  0 20 20 20 20
  0  0  0 20  0 20 20  0 20  0 20  0 20 20 20  0  0  0  0  0
 15 15  0 15  0 15 15 15 15  0  0  0 15 20  0  0 20  0 20 20
 20  0  0 20 20  0  0 20  0  0 20  0  0  0  0  0  0  0  0  0
 24 24  0  0  0 24  0  0 24 24  0 24  0  0  0  0 24  0  0  0
  0  0 19  0 19 19 19 19  0 19  0 19  0  0 19 19 19  0  0 19
  0 19  0 19  0 19  0 19  0 19  0  0  0  0  0  0  0  0  0  0
  0  0  0  0 14 14 14  0  0  0  0  0 14  0
missing in columns 
  9 10 10 10  9 10  9  9  9  9 10  9  9  9 10 10 10 10  9  2
  3  3  3  3  3  3  2  3  3  3  3  2  5  5  5  5  5  5  5  5
  5  5  5  4  5  4  5  5  4  5  4  4  5  5  5  5 11 11 11 11
 12 12 12 11 12 11 11 12 11 12 11 12 11 11 11 12 12  8  8  8
  7  7  8  7  8  7  7  7  7  8  8  8  7  8  9  9  8  9  8  8
  8  9  9  8  8  9  9  8  9  9  8  9  9  9  7  7  7  7  7  7
  6  6  7  7  7  6  7  7  6  6  7  6  7  7  7  7  6  7  7 10
 10 10  9 10  9  9  9  9 10  9 10  9 10 10  9  9  9 10 10  5
  6  5  6  5  6  5  6  5  6  5  6  6  6  6  6  6  6  6  6  4
  4  4  4  4  3  3  3  4  4  4  4  4  3  4
total number of missing data: 1399, corresponding to a fraction of  0.037.

Name of this network variable: ....(none given).

There are missings in this data set.
The current implementation of SIENA does not allow
missing data for the ERGM (non-longitudinal) case.
Therefore, the analysis will proceed
as if the missings indicate absence of ties.

@2
Reading constant actor covariates.
----------------------------------

Covariate data file C:\Documents and Settings\John T. Scholz\My Documents\Research\Siena\Ramiro2007\2009RevisionAnalysis\Sessions\~gov-nongov.dat with 1 variables, named:
GOV=1        (code for missing data is not given, SIENA will treat scores of -9 as missing data).
Covariate data file C:\Documents and Settings\John T. Scholz\My Documents\Research\Siena\Ramiro2007\2009RevisionAnalysis\Sessions\~Trust.dat with 2 variables, named:
TRUST1       (code for missing data is not given, SIENA will treat scores of -9 as missing data),
TRUST2       (code for missing data is not given, SIENA will treat scores of -9 as missing data).
Covariate data file C:\Documents and Settings\John T. Scholz\My Documents\Research\Siena\Ramiro2007\2009RevisionAnalysis\Sessions\~Prodev-proenv.dat with 1 variables, named:
PRODEV1      (code for missing data is not given, SIENA will treat scores of -9 as missing data).

A total of 4 non-changing individual covariates.

Number of missing cases:
Gov=1           0   ( 0.0 %)
trust1          0   ( 0.0 %)
trust2          0   ( 0.0 %)
prodev1         0   ( 0.0 %)

Information about covariates:
             minimum  maximum     mean 
Gov=1           0.0     1.0      0.495 
trust1          0.0    98.0      6.786 
trust2          0.0    11.0      7.805 
prodev1         0.1     1.6      0.804 

The mean valuess are The mean valuess are subtracted from the covariates.


For the similarity variable calculated from each actor covariate, 
the mean is subtracted.
These means are : 
Similarity Gov=1        :       0.4975
Similarity trust1       :       0.9581
Similarity trust2       :       0.7071
Similarity prodev1      :       0.8607

The default Gibbs option is 14 (M.H. for single ties, A, continuous)
but this is (provisionally) incompatible with the existence of structurally determined values.
It is changed to Gibbs option 1 (Gibbs steps for single tie variables, continuous chain)

@1
Initial data description.
=========================


@2
Change in networks:
-------------------

For the following statistics, missing values (if any) are not counted.
Further, structurally determined entries are treated as observed entries.
Network density  = 235/36043 =   0.0065 .
Average degree   =   1.2584 .
Parameter estimate in the independent ties model = -5.0263 ,
standard error   =   0.0654 .

Dyad count:    total    mutual    asymm.     null
              17597        25       146     17426

For the parameter estimates first reported here,
structurally determined values are treated as outcomes.
For the reciprocity model, the ML parameter estimates are
density:      -5.4753
reciprocity:   4.4037
Covariance matrix of sufficient statistics (2M+A, M) (correlation below diagonal):
  243.8169    49.7215
    0.6373    24.9645
Covariance matrix of ML estimates (correlation below diagonal
    0.0069    -0.0138
   -0.6373     0.0675
Standard errors:
density:       0.0831
reciprocity:   0.2597

Deviance:   2067.3914

For the reciprocity model conditional on the total number of arcs,
the maximum likelihood estimator of the reciprocity parameter is 
  4.4078

These standard initial parameters are calculated
using only dyads with complete and non-structurally determined data.
The parameters are:
density       -5.4753
reciprocity    4.4037
and further zero values.

@2
Model descriptions.
-------------------

Parameters and target statistics for the current project.

Parameters for defining the evaluation function
(with number of corresponding default statistic):
 1. degree (density)                                  ( 1)
 2. reciprocity                                       ( 2)
 3. transitive triplets                               ( 3)
 4. 3-cycles                                          ( 4)
 5. out-2-stars                                       ( 5)
 6. in-2-stars                                        ( 6)
 7. 2-paths                                           ( 7)
 8. in-3-stars                                        ( 8)
 9. in-4-stars                                        ( 9)
10. in-5-stars                                        (10)
11. out-3-stars                                       (11)
12. out-4-stars                                       (12)
13. out-5-stars                                       (13)
14. Sum 1/(outdegrees + 1)                            (14)
15. Sum 1/(o.deg + 1)(o.deg + 1+1)                    (15)
16. alternating out-k-stars, par. 2                   (16)
17. alternating in-k-stars, par. 2                    (17)
18. direct + indirect connections                     (18)
19. indirect connections                              (19)
20. alternating k-triangles, par. 2                   (20)
21. alternating independent twopaths, par. 2          (21)
22. cliques of order 4                                (22)
23. cliques of order 5                                (23)
24. Gov=1 ego                                         (24)
25. Gov=1 alter                                       (25)
26. Gov=1 similarity                                  (26)
27. same Gov=1                                        (27)
28. trust1 ego                                        (28)
29. trust1 alter                                      (29)
30. trust1 similarity                                 (30)
31. same trust1                                       (31)
32. trust2 ego                                        (32)
33. trust2 alter                                      (33)
34. trust2 similarity                                 (34)
35. same trust2                                       (35)
36. prodev1 ego                                       (36)
37. prodev1 alter                                     (37)
38. prodev1 similarity                                (38)
39. same prodev1                                      (39)
40. unspecified interaction effect                    (40)
41. unspecified interaction effect                    (41)
42. unspecified interaction effect                    (42)
43. unspecified interaction effect                    (43)
44. unspecified interaction effect                    (44)
45. unspecified interaction effect                    (45)
46. unspecified interaction effect                    (46)
47. unspecified interaction effect                    (47)
48. unspecified interaction effect                    (48)
49. unspecified interaction effect                    (49)

Statistics:
 1. Number of ties                                              
 2. Number of mutuals                                           
 3. Number of transitive triplets                               
 4. 3-cycles                                                    
 5. out-2-stars                                                 
 6. in-2-stars                                                  
 7. 2-paths                                                     
 8. in-3-stars                                                  
 9. in-4-stars                                                  
10. in-5-stars                                                  
11. out-3-stars                                                 
12. out-4-stars                                                 
13. out-5-stars                                                 
14. Sum 1/(outdegrees + 1)                                      
15. Sum 1/(o.deg + 1)(o.deg + 1+1)                              
16. alternating out-k-stars, par. 2                             
17. alternating in-k-stars, par. 2                              
18. number ordered pairs direct + indirectly connected          
19. number ordered pairs indirectly connected                   
20. alternating k-triangles, par. 2                             
21. alternating independent twopaths, par. 2                    
22. number of cliques of order 4                                
23. number of cliques of order 5                                
24. Sum of outdegrees times Gov=1                               
25. Sum of indegrees times Gov=1                                
26. Similarity on Gov=1                                         
27. Same values on Gov=1                                        
28. Sum of outdegrees times trust1                              
29. Sum of indegrees times trust1                               
30. Similarity on trust1                                        
31. Same values on trust1                                       
32. Sum of outdegrees times trust2                              
33. Sum of indegrees times trust2                               
34. Similarity on trust2                                        
35. Same values on trust2                                       
36. Sum of outdegrees times prodev1                             
37. Sum of indegrees times prodev1                              
38. Similarity on prodev1                                       
39. Same values on prodev1                                      
40. unspecified interaction statistic                           
41. unspecified interaction statistic                           
42. unspecified interaction statistic                           
43. unspecified interaction statistic                           
44. unspecified interaction statistic                           
45. unspecified interaction statistic                           
46. unspecified interaction statistic                           
47. unspecified interaction statistic                           
48. unspecified interaction statistic                           
49. unspecified interaction statistic                           

A list of objective function effects is given in file wave2pstar.eff.
The numbers in this list can be used for specifying interaction effects (see the SIENA manual).

Initialisation of project <<wave2pstar>> executed succesfully.



-----------------------------------
New analysis started.
Date and time: 4/23/2009 11:10:02
New results follow.
-----------------------------------

Siena version 3.17p (10 jan 09)

@1
Estimation by stochastic approximation algorithm.
=================================================

Random initialization of random number stream.
Current random number seed is 603531.
Conditional moment estimation.
Observed density =  0.0635
Number of ties   =  235
Simulation method: Gibbs for single ties, continuous (code 11).
65467 steps per simulation; multiplication factor = 2.000.
Standard errors are estimated with the likelihood ratio method.
Initial value of gain parameter is  0.0100000 .
Number of subphases in Phase 2 is 4.

Initial parameter values are 
  1. reciprocity                                            4.4037
  2. transitive triplets                                    0.0000


Observed values of target statistics are 
  1. Number of mutuals                                                   25.0000
  2. Number of transitive triplets                                      121.0000

2 parameters, 2 statistics 

@2
End of stochastic approximation algorithm, phase 3.
---------------------------------------------------

Total of 1875 iterations.
Parameter estimates based on 1375 iterations,
convergence diagnostics, covariance and derivative matrices based on 500 iterations.

Information for convergence diagnosis.
Averages, standard deviations, and t-ratios for deviations from targets:
  1.      3.808    6.762    0.563
  2.    -18.536   55.270   -0.335

Good convergence is indicated by the t-ratios being close to zero.
One or more of the t-statistics are rather large.
Convergence of the algorithm is doubtful.

Autocorrelations during phase 3 : 
  1.   0.6323
  2.   0.9110


Warning code 4: Convergence seems to be poor (see t-ratios).

@2
Estimation results.
-------------------

Regular end of estimation algorithm.
Total of 1875 iteration steps.

@3
Estimates and standard errors 

 1. reciprocity                                          1.2147  (   0.2675)
 2. transitive triplets                                  0.5693  (   0.0327)


@3
Covariance matrices

Covariance matrix of estimates (correlations below diagonal): 
     0.072     -0.007 
    -0.833      0.001 
Covariance/correlation matrix of X is written to file wave2pstar.log.

Total computation time  1428.06 seconds.



-----------------------------------
New analysis started.
Date and time: 4/23/2009 12:16:45
New results follow.
-----------------------------------

Siena version 3.17p (10 jan 09)

@1
Estimation by stochastic approximation algorithm.
=================================================

Random initialization of random number stream.
Current random number seed is 1006406.
Conditional moment estimation.
Observed density =  0.0635
Number of ties   =  235
Simulation method: Gibbs for single ties, continuous (code 11).
65467 steps per simulation; multiplication factor = 2.000.
Standard errors are estimated with the likelihood ratio method.
Initial value of gain parameter is  0.0100000 .
Number of subphases in Phase 2 is 4.

Initial parameter values are 
  1. reciprocity                                            1.2147
  2. alternating out-k-stars, par. 2                        0.0000
  3. alternating in-k-stars, par. 2                         0.0000
  4. direct + indirect connections                          0.0000
  5. indirect connections                                   0.0000


Observed values of target statistics are 
  1. Number of mutuals                                                   25.0000
  2. alternating out-k-stars, par. 2                                    145.8750
  3. alternating in-k-stars, par. 2                                     212.3223
  4. number ordered pairs direct + indirectly connected                  28.0000
  5. number ordered pairs indirectly connected                            0.0000

5 parameters, 5 statistics 

Error code 1: User stop in phase 2 or input error.

@2
Estimation results.
-------------------

Non-standard end of the estimation algorithm : 
User stop of estimation process.
Final parameter estimates:
reciprocity                                              4.249155801350
alternating out-k-stars, par. 2                          1.620181062237
alternating in-k-stars, par. 2                           0.263595998137
direct + indirect connections                            1.884022590414
indirect connections                                    -0.129841795935

These are not passed on to the SIENA session.

There is an error in the calculations of running statistics.
  1,.      97.0000      97.0000
  2,.     250.1250     250.1250
  3,.     222.0938     222.0938
  4,.     103.0000  -40438.0000**** error ****
  5,.       0.0000 -543547.0000**** error ****
Total computation time   113.09 seconds.



-----------------------------------
New analysis started.
Date and time: 4/23/2009 12:19:29
New results follow.
-----------------------------------

Siena version 3.17p (10 jan 09)

@1
Estimation by stochastic approximation algorithm.
=================================================

Random initialization of random number stream.
Current random number seed is 1170171.
Conditional moment estimation.
Observed density =  0.0635
Number of ties   =  235
Simulation method: Gibbs for single ties, continuous (code 11).
65467 steps per simulation; multiplication factor = 2.000.
Standard errors are estimated with the likelihood ratio method.
Initial value of gain parameter is  0.0100000 .
Number of subphases in Phase 2 is 4.

Initial parameter values are 
  1. reciprocity                                            4.2492
  2. transitive triplets                                    0.5693
  3. out-2-stars                                            0.0000
  4. in-2-stars                                             0.0000
  5. 2-paths                                                0.0000


Observed values of target statistics are 
  1. Number of mutuals                                                   25.0000
  2. Number of transitive triplets                                      121.0000
  3. out-2-stars                                                        171.0000
  4. in-2-stars                                                         409.0000
  5. 2-paths                                                            376.0000

5 parameters, 5 statistics 

@2
End of stochastic approximation algorithm, phase 3.
---------------------------------------------------

Total of 2092 iterations.
Parameter estimates based on 1592 iterations,
convergence diagnostics, covariance and derivative matrices based on 500 iterations.

Information for convergence diagnosis.
Averages, standard deviations, and t-ratios for deviations from targets:
  1.      1.270    6.727    0.189
  2.     20.164   49.796    0.405
  3.      0.330   24.185    0.014
  4.     18.556   94.077    0.197
  5.      1.100   48.020    0.023

Good convergence is indicated by the t-ratios being close to zero.
One or more of the t-statistics are rather large.

Autocorrelations during phase 3 : 
  1.   0.6883
  2.   0.8625
  3.   0.7004
  4.   0.7818
  5.   0.6419


Warning code 4: Convergence seems to be poor (see t-ratios).

@2
Estimation results.
-------------------

Regular end of estimation algorithm.
Total of 2092 iteration steps.

@3
Estimates and standard errors 

 1. reciprocity                                          0.9070  (   0.3171)
 2. transitive triplets                                  0.5250  (   0.0519)
 3. out-2-stars                                          0.0477  (   0.0919)
 4. in-2-stars                                           0.2979  (   0.0143)
 5. 2-paths                                              0.0003  (   0.0420)


@3
Covariance matrices

Covariance matrix of estimates (correlations below diagonal): 
     0.101     -0.007     -0.003     -0.000     -0.005 
    -0.416      0.003     -0.003     -0.000     -0.001 
    -0.096     -0.538      0.008      0.001     -0.000 
    -0.011     -0.296      0.526      0.000      0.000 
    -0.350     -0.353     -0.005      0.210      0.002 
Covariance/correlation matrix of X is written to file wave2pstar.log.

Total computation time  1855.23 seconds.



-----------------------------------
New analysis started.
Date and time: 4/23/2009 12:53:31
New results follow.
-----------------------------------

Siena version 3.17p (10 jan 09)

@1
Estimation by stochastic approximation algorithm.
=================================================

Random initialization of random number stream.
Current random number seed is 3212390.
Conditional moment estimation.
Observed density =  0.0635
Number of ties   =  235
Simulation method: Gibbs for single ties, continuous (code 11).
65467 steps per simulation; multiplication factor = 2.000.
Standard errors are estimated with the likelihood ratio method.
Initial value of gain parameter is  0.0100000 .
Number of subphases in Phase 2 is 4.

Initial parameter values are 
  1. reciprocity                                            0.9070
  2. transitive triplets                                    0.5250
  3. out-2-stars                                            0.0477
  4. in-2-stars                                             0.2979
  5. 2-paths                                                0.0003
  6. Gov=1 ego                                              0.0000
  7. Gov=1 alter                                            0.0000
  8. trust1 ego                                             0.0000
  9. trust1 alter                                           0.0000
 10. trust1 similarity                                      0.0000
 11. prodev1 ego                                            0.0000
 12. prodev1 alter                                          0.0000
 13. prodev1 similarity                                     0.0000


Observed values of target statistics are 
  1. Number of mutuals                                                   25.0000
  2. Number of transitive triplets                                      121.0000
  3. out-2-stars                                                        171.0000
  4. in-2-stars                                                         409.0000
  5. 2-paths                                                            376.0000
  6. Sum of outdegrees times Gov=1                                       28.7220
  7. Sum of indegrees times Gov=1                                        38.7220
  8. Sum of outdegrees times trust1                                       4.9665
  9. Sum of indegrees times trust1                                      -21.2335
 10. Similarity on trust1                                                 1.4347
 11. Sum of outdegrees times prodev1                                      1.8365
 12. Sum of indegrees times prodev1                                       2.8365
 13. Similarity on prodev1                                                7.9392

13 parameters, 13 statistics 

@2
End of stochastic approximation algorithm, phase 3.
---------------------------------------------------

Total of 2637 iterations.
Parameter estimates based on 2137 iterations,
convergence diagnostics, covariance and derivative matrices based on 500 iterations.

Information for convergence diagnosis.
Averages, standard deviations, and t-ratios for deviations from targets:
  1.      2.600    6.476    0.401
  2.     15.318   47.209    0.324
  3.      5.354   23.515    0.228
  4.     -4.984   74.863   -0.067
  5.     11.810   47.548    0.248
  6.     -2.300    9.155   -0.251
  7.     -1.672   10.606   -0.158
  8.      1.073  145.197    0.007
  9.     39.411  191.637    0.206
 10.     -0.662    2.394   -0.277
 11.      0.312    2.859    0.109
 12.      0.545    4.477    0.122
 13.     -1.864    2.032   -0.917

Good convergence is indicated by the t-ratios being close to zero.
One or more of the t-statistics are rather large.
Convergence of the algorithm is doubtful.

Autocorrelations during phase 3 : 
  1.   0.6341
  2.   0.8358
  3.   0.6200
  4.   0.6677
  5.   0.5003
  6.   0.4114
  7.   0.2787
  8.   0.0339
  9.   0.0720
 10.   0.0345
 11.   0.1518
 12.   0.5640
 13.   0.2584


Warning code 4: Convergence seems to be poor (see t-ratios).

@2
Estimation results.
-------------------

Regular end of estimation algorithm.
Total of 2637 iteration steps.

@3
Estimates and standard errors 

 1. reciprocity                                          0.9680  (   0.3285)
 2. transitive triplets                                  0.4762  (   0.0522)
 3. out-2-stars                                          0.0622  (   0.0941)
 4. in-2-stars                                           0.2899  (   0.0190)
 5. 2-paths                                             -0.0001  (   0.0390)
 6. Gov=1 ego                                            0.3329  (   0.1497)
 7. Gov=1 alter                                          0.1905  (   0.1073)
 8. trust1 ego                                           0.0063  (   0.0167)
 9. trust1 alter                                         0.0058  (   0.0158)
10. trust1 similarity                                    0.5102  (   1.6048)
11. prodev1 ego                                          0.2078  (   0.3770)
12. prodev1 alter                                        0.2362  (   0.2516)
13. prodev1 similarity                                   0.9807  (   0.5248)


@3
Covariance matrices

Covariance matrix of estimates (correlations below diagonal): 
     0.108     -0.009      0.001      0.000     -0.005     -0.000     -0.001     -0.000     -0.000     -0.026     -0.004     -0.002     -0.013 
    -0.518      0.003     -0.002     -0.000     -0.000     -0.001     -0.001     -0.000     -0.000     -0.006      0.001      0.000      0.003 
     0.033     -0.487      0.009      0.001     -0.001     -0.003      0.001     -0.000      0.000     -0.003      0.001     -0.002     -0.005 
     0.080     -0.180      0.434      0.000      0.000      0.000     -0.001      0.000     -0.000      0.001     -0.001     -0.001     -0.001 
    -0.373     -0.134     -0.183      0.063      0.002     -0.001     -0.000      0.000      0.000      0.004     -0.001      0.000     -0.001 
    -0.003     -0.064     -0.223      0.071     -0.104      0.022     -0.003     -0.000     -0.000     -0.021      0.000     -0.001      0.003 
    -0.014     -0.142      0.060     -0.321     -0.030     -0.169      0.012     -0.000     -0.000     -0.012      0.002      0.001      0.002 
    -0.021     -0.099     -0.016      0.021      0.047     -0.042     -0.087      0.000      0.000      0.024      0.000      0.001     -0.000 
    -0.033     -0.098      0.017     -0.007      0.035     -0.106     -0.027      0.845      0.000      0.024      0.000      0.001     -0.001 
    -0.050     -0.070     -0.017      0.023      0.063     -0.088     -0.071      0.907      0.940      2.575      0.018      0.078     -0.011 
    -0.032      0.051      0.021     -0.078     -0.056      0.007      0.049      0.001      0.036      0.029      0.142     -0.023      0.024 
    -0.019      0.022     -0.077     -0.200      0.017     -0.017      0.050      0.177      0.184      0.192     -0.246      0.063      0.027 
    -0.075      0.097     -0.095     -0.115     -0.027      0.043      0.031     -0.034     -0.065     -0.013      0.121      0.201      0.275 
Covariance/correlation matrix of X is written to file wave2pstar.log.

Total computation time  2853.09 seconds.


-----------------------------------
New analysis started.
Date and time: 4/23/2009 14:01:49
New results follow.
-----------------------------------

Siena version 3.17p (10 jan 09)

@1
Estimation by stochastic approximation algorithm.
=================================================

Random initialization of random number stream.
Current random number seed is 110187.
Conditional moment estimation.
Observed density =  0.0635
Number of ties   =  235
Simulation method: Gibbs for single ties, continuous (code 11).
65467 steps per simulation; multiplication factor = 2.000.
Standard errors are estimated with the likelihood ratio method.
Initial value of gain parameter is  0.0100000 .
Number of subphases in Phase 2 is 4.

Initial parameter values are 
  1. reciprocity                                            0.9680
  2. transitive triplets                                    0.4762
  3. out-2-stars                                            0.0622
  4. in-2-stars                                             0.2899
  5. 2-paths                                               -0.0001
  6. Gov=1 ego                                              0.3329
  7. Gov=1 alter                                            0.1905
  8. trust1 ego                                             0.0063
  9. trust1 alter                                           0.0058
 10. trust1 similarity                                      0.5102
 11. prodev1 ego                                            0.2078
 12. prodev1 alter                                          0.2362
 13. prodev1 similarity                                     0.9807


Observed values of target statistics are 
  1. Number of mutuals                                                   25.0000
  2. Number of transitive triplets                                      121.0000
  3. out-2-stars                                                        171.0000
  4. in-2-stars                                                         409.0000
  5. 2-paths                                                            376.0000
  6. Sum of outdegrees times Gov=1                                       28.7220
  7. Sum of indegrees times Gov=1                                        38.7220
  8. Sum of outdegrees times trust1                                       4.9665
  9. Sum of indegrees times trust1                                      -21.2335
 10. Similarity on trust1                                                 1.4347
 11. Sum of outdegrees times prodev1                                      1.8365
 12. Sum of indegrees times prodev1                                       2.8365
 13. Similarity on prodev1                                                7.9392

13 parameters, 13 statistics 

@2
End of stochastic approximation algorithm, phase 3.
---------------------------------------------------

Total of 2637 iterations.
Parameter estimates based on 2137 iterations,
convergence diagnostics, covariance and derivative matrices based on 500 iterations.

Information for convergence diagnosis.
Averages, standard deviations, and t-ratios for deviations from targets:
  1.     -0.388    5.943   -0.065
  2.     -1.322   39.463   -0.033
  3.     -1.670   21.055   -0.079
  4.      7.038   71.442    0.099
  5.     -2.974   41.325   -0.072
  6.     -1.244    8.614   -0.144
  7.     -0.252    9.441   -0.027
  8.     -4.780  129.374   -0.037
  9.      5.071  149.976    0.034
 10.      0.018    1.949    0.009
 11.      0.251    2.581    0.097
 12.      0.476    3.906    0.122
 13.     -0.379    2.025   -0.187

Good convergence is indicated by the t-ratios being close to zero.

Autocorrelations during phase 3 : 
  1.   0.5649
  2.   0.7852
  3.   0.5399
  4.   0.6294
  5.   0.4427
  6.   0.2743
  7.   0.2250
  8.   0.0632
  9.   0.0506
 10.   0.0217
 11.   0.0788
 12.   0.4592
 13.   0.2249



@2
Estimation results.
-------------------

Regular end of estimation algorithm.
Total of 2637 iteration steps.

@3
Estimates and standard errors 

 1. reciprocity                                          0.8779  (   0.3216)
 2. transitive triplets                                  0.4690  (   0.0569)
 3. out-2-stars                                          0.0504  (   0.0920)
 4. in-2-stars                                           0.2852  (   0.0188)
 5. 2-paths                                             -0.0038  (   0.0400)
 6. Gov=1 ego                                            0.3957  (   0.1455)
 7. Gov=1 alter                                          0.2105  (   0.1179)
 8. trust1 ego                                           0.0072  (   0.0164)
 9. trust1 alter                                         0.0055  (   0.0156)
10. trust1 similarity                                    0.6224  (   1.5743)
11. prodev1 ego                                          0.2150  (   0.4100)
12. prodev1 alter                                        0.3077  (   0.2775)
13. prodev1 similarity                                   1.3188  (   0.5344)


@3
Covariance matrices

Covariance matrix of estimates (correlations below diagonal): 
     0.103     -0.008      0.000      0.001     -0.004     -0.000     -0.001     -0.000     -0.000     -0.026     -0.001      0.000     -0.022 
    -0.436      0.003     -0.003     -0.000     -0.001     -0.000     -0.000     -0.000     -0.000     -0.015      0.001      0.000     -0.001 
     0.002     -0.553      0.008      0.001      0.000     -0.003      0.001      0.000      0.000      0.008     -0.001      0.000     -0.005 
     0.235     -0.340      0.464      0.000      0.000      0.000     -0.000      0.000     -0.000     -0.000     -0.000     -0.000     -0.002 
    -0.331     -0.251      0.020      0.113      0.002     -0.001     -0.000     -0.000      0.000     -0.001     -0.001      0.000      0.000 
    -0.006     -0.033     -0.211      0.031     -0.160      0.021     -0.003      0.000     -0.000     -0.005      0.005     -0.001      0.006 
    -0.035     -0.034      0.086     -0.209     -0.105     -0.167      0.014     -0.000     -0.000     -0.032     -0.004      0.002      0.001 
    -0.040     -0.149      0.039      0.015     -0.016      0.007     -0.197      0.000      0.000      0.023      0.000      0.000      0.000 
    -0.045     -0.183      0.071     -0.019      0.020     -0.051     -0.148      0.780      0.000      0.022      0.000      0.000      0.000 
    -0.051     -0.164      0.057     -0.011     -0.017     -0.021     -0.171      0.879      0.902      2.478      0.029      0.001      0.043 
    -0.009      0.055     -0.017     -0.056     -0.053      0.077     -0.074      0.026      0.038      0.044      0.168     -0.030      0.001 
     0.005      0.006      0.005     -0.095      0.025     -0.025      0.074      0.027      0.015      0.002     -0.262      0.077      0.027 
    -0.129     -0.029     -0.099     -0.182      0.013      0.077      0.015      0.054      0.046      0.051      0.005      0.185      0.286 
Covariance/correlation matrix of X is written to file wave2pstar.log.

Total computation time  3625.61 seconds.

